#-----------------------------------------------------------
# Vivado v2020.1 (64-bit)
# SW Build 2902540 on Wed May 27 19:54:49 MDT 2020
# IP Build 2902112 on Wed May 27 22:43:36 MDT 2020
# Start of session at: Wed Nov 29 10:13:22 2023
# Process ID: 19448
# Current directory: C:/Users/ahmed/Downloads/Basys3-Joystick-Interfacing-main/Basys3-Joystick-Interfacing-main
# Command line: vivado.exe -gui_launcher_event rodinguilauncherevent15368 C:\Users\ahmed\Downloads\Basys3-Joystick-Interfacing-main\Basys3-Joystick-Interfacing-main\test.xpr
# Log file: C:/Users/ahmed/Downloads/Basys3-Joystick-Interfacing-main/Basys3-Joystick-Interfacing-main/vivado.log
# Journal file: C:/Users/ahmed/Downloads/Basys3-Joystick-Interfacing-main/Basys3-Joystick-Interfacing-main\vivado.jou
#-----------------------------------------------------------
start_gui
open_project C:/Users/ahmed/Downloads/Basys3-Joystick-Interfacing-main/Basys3-Joystick-Interfacing-main/test.xpr
INFO: [ProjectBase 1-489] The host OS only allows 260 characters in a normal path. The project is stored in a path with more than 80 characters. If you experience issues with IP, Block Designs, or files not being found, please consider moving the project to a location with a shorter path. Alternately consider using the OS subst command to map part of the path to a drive letter.
Current project path is 'C:/Users/ahmed/Downloads/Basys3-Joystick-Interfacing-main/Basys3-Joystick-Interfacing-main'
Scanning sources...
Finished scanning sources
INFO: [IP_Flow 19-234] Refreshing IP repositories
INFO: [IP_Flow 19-1704] No user IP repositories specified
INFO: [IP_Flow 19-2313] Loaded Vivado IP repository 'C:/Xilinx/Vivado/2020.1/data/ip'.
WARNING: [IP_Flow 19-2162] IP 'xadc_wiz_0' is locked:
* IP definition 'XADC Wizard (3.0)' for IP 'xadc_wiz_0' (customized with software release 2015.1) has a newer minor version in the IP Catalog.
open_project: Time (s): cpu = 00:00:08 ; elapsed = 00:00:10 . Memory (MB): peak = 1015.602 ; gain = 0.000
update_compile_order -fileset sources_1
reset_run synth_1
launch_runs impl_1 -to_step write_bitstream -jobs 4
WARNING: [Vivado 12-4801] The synthesis checkpoint for IP 'C:/Users/ahmed/Downloads/Basys3-Joystick-Interfacing-main/Basys3-Joystick-Interfacing-main/test.srcs/sources_1/ip/xadc_wiz_0/xadc_wiz_0.xci' is available but stale and the IP is locked. An out-of-context (OOC) run will be created and/or launched, but synthesis may not be able to complete or could result in incorrect behavior.
Please select 'Report IP Status' from the 'Tools/Report' menu or run Tcl command 'report_ip_status' for more information.
WARNING: [Runs 36-337] The following IPs are either missing output products or output products are not up-to-date for Synthesis target. Since these IPs are locked, no update to the output products can be done. 
Please select 'Report IP Status' from the 'Tools/Report' menu or run Tcl command 'report_ip_status' for more information.
C:/Users/ahmed/Downloads/Basys3-Joystick-Interfacing-main/Basys3-Joystick-Interfacing-main/test.srcs/sources_1/ip/xadc_wiz_0/xadc_wiz_0.xci

[Wed Nov 29 10:19:17 2023] Launched synth_1...
Run output will be captured here: C:/Users/ahmed/Downloads/Basys3-Joystick-Interfacing-main/Basys3-Joystick-Interfacing-main/test.runs/synth_1/runme.log
[Wed Nov 29 10:19:17 2023] Launched impl_1...
Run output will be captured here: C:/Users/ahmed/Downloads/Basys3-Joystick-Interfacing-main/Basys3-Joystick-Interfacing-main/test.runs/impl_1/runme.log
reset_run synth_1
launch_runs impl_1 -to_step write_bitstream -jobs 4
WARNING: [Vivado 12-4801] The synthesis checkpoint for IP 'C:/Users/ahmed/Downloads/Basys3-Joystick-Interfacing-main/Basys3-Joystick-Interfacing-main/test.srcs/sources_1/ip/xadc_wiz_0/xadc_wiz_0.xci' is available but stale and the IP is locked. An out-of-context (OOC) run will be created and/or launched, but synthesis may not be able to complete or could result in incorrect behavior.
Please select 'Report IP Status' from the 'Tools/Report' menu or run Tcl command 'report_ip_status' for more information.
WARNING: [Runs 36-337] The following IPs are either missing output products or output products are not up-to-date for Synthesis target. Since these IPs are locked, no update to the output products can be done. 
Please select 'Report IP Status' from the 'Tools/Report' menu or run Tcl command 'report_ip_status' for more information.
C:/Users/ahmed/Downloads/Basys3-Joystick-Interfacing-main/Basys3-Joystick-Interfacing-main/test.srcs/sources_1/ip/xadc_wiz_0/xadc_wiz_0.xci

[Wed Nov 29 10:27:08 2023] Launched synth_1...
Run output will be captured here: C:/Users/ahmed/Downloads/Basys3-Joystick-Interfacing-main/Basys3-Joystick-Interfacing-main/test.runs/synth_1/runme.log
[Wed Nov 29 10:27:08 2023] Launched impl_1...
Run output will be captured here: C:/Users/ahmed/Downloads/Basys3-Joystick-Interfacing-main/Basys3-Joystick-Interfacing-main/test.runs/impl_1/runme.log
reset_run synth_1
launch_runs impl_1 -to_step write_bitstream -jobs 4
WARNING: [Vivado 12-4801] The synthesis checkpoint for IP 'C:/Users/ahmed/Downloads/Basys3-Joystick-Interfacing-main/Basys3-Joystick-Interfacing-main/test.srcs/sources_1/ip/xadc_wiz_0/xadc_wiz_0.xci' is available but stale and the IP is locked. An out-of-context (OOC) run will be created and/or launched, but synthesis may not be able to complete or could result in incorrect behavior.
Please select 'Report IP Status' from the 'Tools/Report' menu or run Tcl command 'report_ip_status' for more information.
WARNING: [Runs 36-337] The following IPs are either missing output products or output products are not up-to-date for Synthesis target. Since these IPs are locked, no update to the output products can be done. 
Please select 'Report IP Status' from the 'Tools/Report' menu or run Tcl command 'report_ip_status' for more information.
C:/Users/ahmed/Downloads/Basys3-Joystick-Interfacing-main/Basys3-Joystick-Interfacing-main/test.srcs/sources_1/ip/xadc_wiz_0/xadc_wiz_0.xci

[Wed Nov 29 10:33:38 2023] Launched synth_1...
Run output will be captured here: C:/Users/ahmed/Downloads/Basys3-Joystick-Interfacing-main/Basys3-Joystick-Interfacing-main/test.runs/synth_1/runme.log
[Wed Nov 29 10:33:38 2023] Launched impl_1...
Run output will be captured here: C:/Users/ahmed/Downloads/Basys3-Joystick-Interfacing-main/Basys3-Joystick-Interfacing-main/test.runs/impl_1/runme.log
open_hw_manager
connect_hw_server -allow_non_jtag
INFO: [Labtools 27-2285] Connecting to hw_server url TCP:localhost:3121
INFO: [Labtools 27-2222] Launching hw_server...
INFO: [Labtools 27-2221] Launch Output:

****** Xilinx hw_server v2020.1
  **** Build date : May 27 2020 at 20:24:38
    ** Copyright 1986-2020 Xilinx, Inc. All Rights Reserved.


INFO: [Labtools 27-3415] Connecting to cs_server url TCP:localhost:3042
INFO: [Labtools 27-3417] Launching cs_server...
INFO: [Labtools 27-2221] Launch Output:


****** Xilinx cs_server v2020.1.0
  **** Build date : May 14 2020-06:10:29
    ** Copyright 2017-2020 Xilinx, Inc. All Rights Reserved.



connect_hw_server: Time (s): cpu = 00:00:01 ; elapsed = 00:00:08 . Memory (MB): peak = 1015.602 ; gain = 0.000
open_hw_target
INFO: [Labtoolstcl 44-466] Opening hw_target localhost:3121/xilinx_tcf/Digilent/210183AF305FA
open_hw_target: Time (s): cpu = 00:00:04 ; elapsed = 00:00:05 . Memory (MB): peak = 2190.242 ; gain = 1174.641
set_property PROGRAM.FILE {C:/Users/ahmed/Downloads/Basys3-Joystick-Interfacing-main/Basys3-Joystick-Interfacing-main/test.runs/impl_1/XADCdemo.bit} [get_hw_devices xc7a35t_0]
current_hw_device [get_hw_devices xc7a35t_0]
refresh_hw_device -update_hw_probes false [lindex [get_hw_devices xc7a35t_0] 0]
INFO: [Labtools 27-1434] Device xc7a35t (JTAG device index = 0) is programmed with a design that has no supported debug core(s) in it.
set_property PROBES.FILE {} [get_hw_devices xc7a35t_0]
set_property FULL_PROBES.FILE {} [get_hw_devices xc7a35t_0]
set_property PROGRAM.FILE {C:/Users/ahmed/Downloads/Basys3-Joystick-Interfacing-main/Basys3-Joystick-Interfacing-main/test.runs/impl_1/XADCdemo.bit} [get_hw_devices xc7a35t_0]
program_hw_devices [get_hw_devices xc7a35t_0]
INFO: [Labtools 27-3164] End of startup status: HIGH
refresh_hw_device [lindex [get_hw_devices xc7a35t_0] 0]
INFO: [Labtools 27-1434] Device xc7a35t (JTAG device index = 0) is programmed with a design that has no supported debug core(s) in it.
ERROR: [Labtoolstcl 44-513] HW Target shutdown. Closing target: localhost:3121/xilinx_tcf/Digilent/210183AF305FA
disconnect_hw_server localhost:3121
connect_hw_server -allow_non_jtag
INFO: [Labtools 27-2285] Connecting to hw_server url TCP:localhost:3121
INFO: [Labtools 27-3415] Connecting to cs_server url TCP:localhost:3042
INFO: [Labtools 27-3414] Connected to existing cs_server.
ERROR: [Labtoolstcl 44-494] There is no active target available for server at localhost.
 Targets(s) ", jsn-Basys3-210183AF305FA" may be locked by another hw_server.
reset_run synth_1
launch_runs synth_1 -jobs 4
WARNING: [Vivado 12-4801] The synthesis checkpoint for IP 'C:/Users/ahmed/Downloads/Basys3-Joystick-Interfacing-main/Basys3-Joystick-Interfacing-main/test.srcs/sources_1/ip/xadc_wiz_0/xadc_wiz_0.xci' is available but stale and the IP is locked. An out-of-context (OOC) run will be created and/or launched, but synthesis may not be able to complete or could result in incorrect behavior.
Please select 'Report IP Status' from the 'Tools/Report' menu or run Tcl command 'report_ip_status' for more information.
WARNING: [filemgmt 20-1318] Duplicate Design Unit 'XADCdemo' found in library 'xil_defaultlib'
WARNING: [filemgmt 20-1318] Duplicate Design Unit 'XADCdemo' found in library 'xil_defaultlib'
WARNING: [Runs 36-337] The following IPs are either missing output products or output products are not up-to-date for Synthesis target. Since these IPs are locked, no update to the output products can be done. 
Please select 'Report IP Status' from the 'Tools/Report' menu or run Tcl command 'report_ip_status' for more information.
C:/Users/ahmed/Downloads/Basys3-Joystick-Interfacing-main/Basys3-Joystick-Interfacing-main/test.srcs/sources_1/ip/xadc_wiz_0/xadc_wiz_0.xci

[Wed Nov 29 12:32:31 2023] Launched synth_1...
Run output will be captured here: C:/Users/ahmed/Downloads/Basys3-Joystick-Interfacing-main/Basys3-Joystick-Interfacing-main/test.runs/synth_1/runme.log
open_run synth_1 -name synth_1
Design is defaulting to impl run constrset: constrs_1
Design is defaulting to synth run part: xc7a35tcpg236-1
INFO: [Device 21-403] Loading part xc7a35tcpg236-1
INFO: [Project 1-454] Reading design checkpoint 'c:/Users/ahmed/Downloads/Basys3-Joystick-Interfacing-main/Basys3-Joystick-Interfacing-main/test.srcs/sources_1/ip/xadc_wiz_0/xadc_wiz_0.dcp' for cell 'XLXI_7'
Netlist sorting complete. Time (s): cpu = 00:00:00 ; elapsed = 00:00:00.011 . Memory (MB): peak = 2503.715 ; gain = 0.000
INFO: [Netlist 29-17] Analyzing 89 Unisim elements for replacement
INFO: [Netlist 29-28] Unisim Transformation completed in 0 CPU seconds
INFO: [Project 1-479] Netlist was created with Vivado 2015.1
INFO: [Project 1-570] Preparing netlist for logic optimization
Parsing XDC File [c:/Users/ahmed/Downloads/Basys3-Joystick-Interfacing-main/Basys3-Joystick-Interfacing-main/test.srcs/sources_1/ip/xadc_wiz_0/xadc_wiz_0.xdc] for cell 'XLXI_7/U0'
Finished Parsing XDC File [c:/Users/ahmed/Downloads/Basys3-Joystick-Interfacing-main/Basys3-Joystick-Interfacing-main/test.srcs/sources_1/ip/xadc_wiz_0/xadc_wiz_0.xdc] for cell 'XLXI_7/U0'
Parsing XDC File [C:/Users/ahmed/Downloads/Basys3-Joystick-Interfacing-main/Basys3-Joystick-Interfacing-main/test.srcs/constrs_1/new/myconst.xdc]
Finished Parsing XDC File [C:/Users/ahmed/Downloads/Basys3-Joystick-Interfacing-main/Basys3-Joystick-Interfacing-main/test.srcs/constrs_1/new/myconst.xdc]
INFO: [Project 1-538] Using original IP XDC constraints instead of the XDC constraints in dcp 'c:/Users/ahmed/Downloads/Basys3-Joystick-Interfacing-main/Basys3-Joystick-Interfacing-main/test.srcs/sources_1/ip/xadc_wiz_0/xadc_wiz_0.dcp'
INFO: [Opt 31-138] Pushed 0 inverter(s) to 0 load pin(s).
Netlist sorting complete. Time (s): cpu = 00:00:00 ; elapsed = 00:00:00.001 . Memory (MB): peak = 2605.180 ; gain = 0.000
INFO: [Project 1-111] Unisim Transformation Summary:
No Unisim elements were transformed.

open_run: Time (s): cpu = 00:00:18 ; elapsed = 00:00:25 . Memory (MB): peak = 2726.379 ; gain = 471.820
disconnect_hw_server localhost:3121
connect_hw_server -allow_non_jtag
INFO: [Labtools 27-2285] Connecting to hw_server url TCP:localhost:3121
INFO: [Labtools 27-3415] Connecting to cs_server url TCP:localhost:3042
INFO: [Labtools 27-3414] Connected to existing cs_server.
open_hw_target
INFO: [Labtoolstcl 44-466] Opening hw_target localhost:3121/xilinx_tcf/Digilent/210183AF305FA
current_hw_device [get_hw_devices xc7a35t_0]
refresh_hw_device -update_hw_probes false [lindex [get_hw_devices xc7a35t_0] 0]
INFO: [Labtools 27-1434] Device xc7a35t (JTAG device index = 0) is programmed with a design that has no supported debug core(s) in it.
launch_runs impl_1 -to_step write_bitstream -jobs 4
WARNING: [Vivado 12-4801] The synthesis checkpoint for IP 'C:/Users/ahmed/Downloads/Basys3-Joystick-Interfacing-main/Basys3-Joystick-Interfacing-main/test.srcs/sources_1/ip/xadc_wiz_0/xadc_wiz_0.xci' is available but stale and the IP is locked. An out-of-context (OOC) run will be created and/or launched, but synthesis may not be able to complete or could result in incorrect behavior.
Please select 'Report IP Status' from the 'Tools/Report' menu or run Tcl command 'report_ip_status' for more information.
INFO: [Timing 38-480] Writing timing data to binary archive.
Writing placer database...
Writing XDEF routing.
Writing XDEF routing logical nets.
Writing XDEF routing special nets.
Write XDEF Complete: Time (s): cpu = 00:00:00 ; elapsed = 00:00:00.094 . Memory (MB): peak = 3262.988 ; gain = 17.914
[Wed Nov 29 12:41:47 2023] Launched impl_1...
Run output will be captured here: C:/Users/ahmed/Downloads/Basys3-Joystick-Interfacing-main/Basys3-Joystick-Interfacing-main/test.runs/impl_1/runme.log
set_property PROBES.FILE {} [get_hw_devices xc7a35t_0]
set_property FULL_PROBES.FILE {} [get_hw_devices xc7a35t_0]
set_property PROGRAM.FILE {C:/Users/ahmed/Downloads/Basys3-Joystick-Interfacing-main/Basys3-Joystick-Interfacing-main/test.runs/impl_1/XADCdemo.bit} [get_hw_devices xc7a35t_0]
program_hw_devices [get_hw_devices xc7a35t_0]
INFO: [Labtools 27-3164] End of startup status: HIGH
refresh_hw_device [lindex [get_hw_devices xc7a35t_0] 0]
INFO: [Labtools 27-1434] Device xc7a35t (JTAG device index = 0) is programmed with a design that has no supported debug core(s) in it.
set_property PROBES.FILE {} [get_hw_devices xc7a35t_0]
set_property FULL_PROBES.FILE {} [get_hw_devices xc7a35t_0]
set_property PROGRAM.FILE {C:/Users/ahmed/Downloads/Basys3-Joystick-Interfacing-main/Basys3-Joystick-Interfacing-main/test.runs/impl_1/XADCdemo.bit} [get_hw_devices xc7a35t_0]
program_hw_devices [get_hw_devices xc7a35t_0]
INFO: [Labtools 27-3164] End of startup status: HIGH
refresh_hw_device [lindex [get_hw_devices xc7a35t_0] 0]
INFO: [Labtools 27-1434] Device xc7a35t (JTAG device index = 0) is programmed with a design that has no supported debug core(s) in it.
set_property PROBES.FILE {} [get_hw_devices xc7a35t_0]
set_property FULL_PROBES.FILE {} [get_hw_devices xc7a35t_0]
set_property PROGRAM.FILE {C:/Users/ahmed/Downloads/Basys3-Joystick-Interfacing-main/Basys3-Joystick-Interfacing-main/test.runs/impl_1/XADCdemo.bit} [get_hw_devices xc7a35t_0]
program_hw_devices [get_hw_devices xc7a35t_0]
INFO: [Labtools 27-3164] End of startup status: HIGH
refresh_hw_device [lindex [get_hw_devices xc7a35t_0] 0]
INFO: [Labtools 27-1434] Device xc7a35t (JTAG device index = 0) is programmed with a design that has no supported debug core(s) in it.
set_property PROBES.FILE {} [get_hw_devices xc7a35t_0]
set_property FULL_PROBES.FILE {} [get_hw_devices xc7a35t_0]
set_property PROGRAM.FILE {C:/Users/ahmed/Downloads/Basys3-Joystick-Interfacing-main/Basys3-Joystick-Interfacing-main/test.runs/impl_1/XADCdemo.bit} [get_hw_devices xc7a35t_0]
program_hw_devices [get_hw_devices xc7a35t_0]
INFO: [Labtools 27-3164] End of startup status: HIGH
refresh_hw_device [lindex [get_hw_devices xc7a35t_0] 0]
INFO: [Labtools 27-1434] Device xc7a35t (JTAG device index = 0) is programmed with a design that has no supported debug core(s) in it.
exit
INFO: [Common 17-206] Exiting Vivado at Wed Nov 29 13:38:47 2023...
