#-----------------------------------------------------------
# Vivado v2020.1 (64-bit)
# SW Build 2902540 on Wed May 27 19:54:49 MDT 2020
# IP Build 2902112 on Wed May 27 22:43:36 MDT 2020
# Start of session at: Mon Nov 27 10:20:11 2023
# Process ID: 11968
# Current directory: C:/Users/ahmed/Downloads/Basys3-Joystick-Interfacing-main/Basys3-Joystick-Interfacing-main
# Command line: vivado.exe -gui_launcher_event rodinguilauncherevent112 C:\Users\ahmed\Downloads\Basys3-Joystick-Interfacing-main\Basys3-Joystick-Interfacing-main\test.xpr
# Log file: C:/Users/ahmed/Downloads/Basys3-Joystick-Interfacing-main/Basys3-Joystick-Interfacing-main/vivado.log
# Journal file: C:/Users/ahmed/Downloads/Basys3-Joystick-Interfacing-main/Basys3-Joystick-Interfacing-main\vivado.jou
#-----------------------------------------------------------
start_gui
opopen_project C:/Users/ahmed/Downloads/Basys3-Joystick-Interfacing-main/Basys3-Joystick-Interfacing-main/test.xpr
INFO: [ProjectBase 1-489] The host OS only allows 260 characters in a normal path. The project is stored in a path with more than 80 characters. If you experience issues with IP, Block Designs, or files not being found, please consider moving the project to a location with a shorter path. Alternately consider using the OS subst command to map part of the path to a drive letter.
Current project path is 'C:/Users/ahmed/Downloads/Basys3-Joystick-Interfacing-main/Basys3-Joystick-Interfacing-mainScScanning sources...
Finished scanning sources
INFO: [IP_Flow 19-234] Refreshing IP repositories
INFO: [IP_Flow 19-1704] No user IP repositories specifieININFO: [IP_Flow 19-2313] Loaded Vivado IP repository 'C:/Xilinx/Vivado/2020.1/data/ip'.
WARNING: [IP_Flow 19-2162] IP 'xadc_wiz_0' is locked:
* IP definition 'XADC Wizard (3.0)' for IP 'xadc_wiz_0' (customized with software release 2015.1) has a newer minor version in the IP Catalogopopen_project: Time (s): cpu = 00:00:15 ; elapsed = 00:00:09 . Memory (MB): peak = 1027.809 ; gain = 0.00upupdate_compile_order -fileset sources_exit
INFO: [Common 17-206] Exiting Vivado at Mon Nov 27 12:53:10 2023...
.
