#-----------------------------------------------------------
# Vivado v2020.1 (64-bit)
# SW Build 2902540 on Wed May 27 19:54:49 MDT 2020
# IP Build 2902112 on Wed May 27 22:43:36 MDT 2020
# Start of session at: Sun Nov 26 10:54:49 2023
# Process ID: 11376
# Current directory: C:/Users/ahmed/Downloads/Basys3-Joystick-Interfacing-main/Basys3-Joystick-Interfacing-main
# Command line: vivado.exe -gui_launcher_event rodinguilauncherevent15576 C:\Users\ahmed\Downloads\Basys3-Joystick-Interfacing-main\Basys3-Joystick-Interfacing-main\test.xpr
# Log file: C:/Users/ahmed/Downloads/Basys3-Joystick-Interfacing-main/Basys3-Joystick-Interfacing-main/vivado.log
# Journal file: C:/Users/ahmed/Downloads/Basys3-Joystick-Interfacing-main/Basys3-Joystick-Interfacing-main\vivado.jou
#----------------------------------------------------------ststart_guopen_project C:/Users/ahmed/Downloads/Basys3-Joystick-Interfacing-main/Basys3-Joystick-Interfacing-main/test.xpr
ININFO: [ProjectBase 1-489] The host OS only allows 260 characters in a normal path. The project is stored in a path with more than 80 characters. If you experience issues with IP, Block Designs, or files not being found, please consider moving the project to a location with a shorter path. Alternately consider using the OS subst command to map part of the path to a drive letter.
Current project path is 'C:/Users/ahmed/Downloads/Basys3-Joystick-Interfacing-main/Basys3-Joystick-Interfacing-mainScScanning sources..FiFinished scanning sourceININFO: [IP_Flow 19-234] Refreshing IP repositories
INFO: [IP_Flow 19-1704] No user IP repositories specifieININFO: [IP_Flow 19-2313] Loaded Vivado IP repository 'C:/Xilinx/Vivado/2020.1/data/ip'WAWARNING: [IP_Flow 19-2162] IP 'xadc_wiz_0' is locked:
* IP definition 'XADC Wizard (3.0)' for IP 'xadc_wiz_0' (customized with software release 2015.1) has a newer minor version in the IP Catalogopen_project: Time (s): cpu = 00:00:31 ; elapsed = 00:00:19 . Memory (MB): peak = 1016.004 ; gain = 0.000
upupdate_compile_order -fileset sources_launch_simulation
Command: launch_simulation 
INFO: [Vivado 12-5698] Checking validity of IPs in the design for the 'XSim' simulator...
INFO: [Vivado 12-5682] Launching behavioral simulation in 'C:/Users/ahmed/Downloads/Basys3-Joystick-Interfacing-main/Basys3-Joystick-Interfacing-main/test.sim/sim_1/behav/xsim'
INFO: [Vivado 12-4795] Using compiled simulation libraries for IPs
INFO: [SIM-utils-51] Simulation object is 'sim_1'
INFO: [USF-XSim-7] Finding pre-compiled libraries...
INFO: [USF-XSim-11] File 'C:/Xilinx/Vivado/2020.1/data/xsim/xsim.ini' copied to run dir:'C:/Users/ahmed/Downloads/Basys3-Joystick-Interfacing-main/Basys3-Joystick-Interfacing-main/test.sim/sim_1/behav/xsim'
INFO: [SIM-utils-54] Inspecting design source files for 'XADCdemo' in fileset 'sim_1'...
INFO: [USF-XSim-97] Finding global include files...
INFO: [USF-XSim-98] Fetching design files from 'sim_1'...
INFO: [USF-XSim-2] XSim::Compile design
INFO: [USF-XSim-61] Executing 'COMPILE and ANALYZE' step in 'C:/Users/ahmed/Downloads/Basys3-Joystick-Interfacing-main/Basys3-Joystick-Interfacing-main/test.sim/sim_1/behav/xsim'
"xvlog --incr --relax -prj XADCdemo_vlog.prj"
INFO: [VRFC 10-2263] Analyzing Verilog file "C:/Users/ahmed/Downloads/Basys3-Joystick-Interfacing-main/Basys3-Joystick-Interfacing-main/test.srcs/sources_1/ip/xadc_wiz_0/xadc_wiz_0_funcsim.v" into library xil_defaultlib
INFO: [VRFC 10-311] analyzing module xadc_wiz_0
INFO: [VRFC 10-311] analyzing module glbl
INFO: [VRFC 10-2263] Analyzing Verilog file "C:/Users/ahmed/Downloads/FlappyBird-master/FlappyBird-master/NERP_demo_top.v" into library xil_defaultlib
INFO: [VRFC 10-311] analyzing module NERP_demo_top
WARNING: [VRFC 10-3248] data object 'enable' is already declared [C:/Users/ahmed/Downloads/FlappyBird-master/FlappyBird-master/NERP_demo_top.v:44]
WARNING: [VRFC 10-3703] second declaration of 'enable' ignored [C:/Users/ahmed/Downloads/FlappyBird-master/FlappyBird-master/NERP_demo_top.v:44]
WARNING: [VRFC 10-3248] data object 'enable_d' is already declared [C:/Users/ahmed/Downloads/FlappyBird-master/FlappyBird-master/NERP_demo_top.v:46]
WARNING: [VRFC 10-3703] second declaration of 'enable_d' ignored [C:/Users/ahmed/Downloads/FlappyBird-master/FlappyBird-master/NERP_demo_top.v:46]
WARNING: [VRFC 10-3380] identifier 'bird_clk' is used before its declaration [C:/Users/ahmed/Downloads/FlappyBird-master/FlappyBird-master/NERP_demo_top.v:29]
WARNING: [VRFC 10-3380] identifier 'state' is used before its declaration [C:/Users/ahmed/Downloads/FlappyBird-master/FlappyBird-master/NERP_demo_top.v:30]
WARNING: [VRFC 10-3380] identifier 'state' is used before its declaration [C:/Users/ahmed/Downloads/FlappyBird-master/FlappyBird-master/NERP_demo_top.v:34]
WARNING: [VRFC 10-3380] identifier 'bird_clk' is used before its declaration [C:/Users/ahmed/Downloads/FlappyBird-master/FlappyBird-master/NERP_demo_top.v:37]
WARNING: [VRFC 10-3380] identifier 'bird_clk' is used before its declaration [C:/Users/ahmed/Downloads/FlappyBird-master/FlappyBird-master/NERP_demo_top.v:48]
WARNING: [VRFC 10-3380] identifier 'state' is used before its declaration [C:/Users/ahmed/Downloads/FlappyBird-master/FlappyBird-master/NERP_demo_top.v:49]
WARNING: [VRFC 10-3380] identifier 'state' is used before its declaration [C:/Users/ahmed/Downloads/FlappyBird-master/FlappyBird-master/NERP_demo_top.v:53]
WARNING: [VRFC 10-3380] identifier 'bird_clk' is used before its declaration [C:/Users/ahmed/Downloads/FlappyBird-master/FlappyBird-master/NERP_demo_top.v:56]
WARNING: [VRFC 10-3380] identifier 'pipe_pos' is used before its declaration [C:/Users/ahmed/Downloads/FlappyBird-master/FlappyBird-master/NERP_demo_top.v:88]
WARNING: [VRFC 10-3380] identifier 'current_score' is used before its declaration [C:/Users/ahmed/Downloads/FlappyBird-master/FlappyBird-master/NERP_demo_top.v:93]
WARNING: [VRFC 10-3380] identifier 'high_score' is used before its declaration [C:/Users/ahmed/Downloads/FlappyBird-master/FlappyBird-master/NERP_demo_top.v:94]
WARNING: [VRFC 10-3380] identifier 'current_score' is used before its declaration [C:/Users/ahmed/Downloads/FlappyBird-master/FlappyBird-master/NERP_demo_top.v:139]
WARNING: [VRFC 10-3380] identifier 'current_score' is used before its declaration [C:/Users/ahmed/Downloads/FlappyBird-master/FlappyBird-master/NERP_demo_top.v:144]
INFO: [VRFC 10-2263] Analyzing Verilog file "C:/Users/ahmed/Downloads/FlappyBird-master/FlappyBird-master/RNG.v" into library xil_defaultlib
INFO: [VRFC 10-311] analyzing module RNG
INFO: [VRFC 10-2263] Analyzing Verilog file "C:/Users/ahmed/Downloads/FlappyBird-master/FlappyBird-master/bird.v" into library xil_defaultlib
INFO: [VRFC 10-311] analyzing module bird
INFO: [VRFC 10-2263] Analyzing Verilog file "C:/Users/ahmed/Downloads/FlappyBird-master/FlappyBird-master/clockdiv.v" into library xil_defaultlib
INFO: [VRFC 10-311] analyzing module clockdiv
INFO: [VRFC 10-2263] Analyzing Verilog file "C:/Users/ahmed/Downloads/FlappyBird-master/FlappyBird-master/segdisplay.v" into library xil_defaultlib
INFO: [VRFC 10-311] analyzing module segdisplay
INFO: [VRFC 10-2263] Analyzing Verilog file "C:/Users/ahmed/Downloads/FlappyBird-master/FlappyBird-master/vga640x480.v" into library xil_defaultlib
INFO: [VRFC 10-311] analyzing module vga640x480
INFO: [VRFC 10-2263] Analyzing Verilog file "C:/Users/ahmed/Downloads/Basys3-Joystick-Interfacing-main/Basys3-Joystick-Interfacing-main/test.srcs/sources_1/imports/hdl/XADCdemo.v" into library xil_defaultlib
INFO: [VRFC 10-311] analyzing module XADCdemo
INFO: [VRFC 10-2458] undeclared symbol hsync, assumed default net type wire [C:/Users/ahmed/Downloads/Basys3-Joystick-Interfacing-main/Basys3-Joystick-Interfacing-main/test.srcs/sources_1/imports/hdl/XADCdemo.v:247]
INFO: [VRFC 10-2458] undeclared symbol vsync, assumed default net type wire [C:/Users/ahmed/Downloads/Basys3-Joystick-Interfacing-main/Basys3-Joystick-Interfacing-main/test.srcs/sources_1/imports/hdl/XADCdemo.v:247]
INFO: [USF-XSim-69] 'compile' step finished in '5' seconds
INFO: [USF-XSim-3] XSim::Elaborate design
INFO: [USF-XSim-61] Executing 'ELABORATE' step in 'C:/Users/ahmed/Downloads/Basys3-Joystick-Interfacing-main/Basys3-Joystick-Interfacing-main/test.sim/sim_1/behav/xsim'
"xelab -wto 70f6ac49c5fd438fa245c63bb6b011ee --incr --debug typical --relax --mt 2 -L xil_defaultlib -L unisims_ver -L unimacro_ver -L secureip -L xpm --snapshot XADCdemo_behav xil_defaultlib.XADCdemo xil_defaultlib.glbl -log elaborate.log"
Vivado Simulator 2020.1
Copyright 1986-1999, 2001-2020 Xilinx, Inc. All Rights Reserved.
Running: C:/Xilinx/Vivado/2020.1/bin/unwrapped/win64.o/xelab.exe -wto 70f6ac49c5fd438fa245c63bb6b011ee --incr --debug typical --relax --mt 2 -L xil_defaultlib -L unisims_ver -L unimacro_ver -L secureip -L xpm --snapshot XADCdemo_behav xil_defaultlib.XADCdemo xil_defaultlib.glbl -log elaborate.log 
Using 2 slave threads.
Starting static elaboration
Pass Through NonSizing Optimizer
WARNING: [VRFC 10-3091] actual bit length 11 differs from formal bit length 10 for port 'bird_coord' [C:/Users/ahmed/Downloads/FlappyBird-master/FlappyBird-master/NERP_demo_top.v:177]
WARNING: [VRFC 10-3091] actual bit length 10 differs from formal bit length 9 for port 'pipe_pos' [C:/Users/ahmed/Downloads/FlappyBird-master/FlappyBird-master/NERP_demo_top.v:178]
WARNING: [VRFC 10-3091] actual bit length 32 differs from formal bit length 2 for port 'fall_accel' [C:/Users/ahmed/Downloads/FlappyBird-master/FlappyBird-master/NERP_demo_top.v:201]
WARNING: [VRFC 10-5021] port 'rst' is not connected on this instance [C:/Users/ahmed/Downloads/FlappyBird-master/FlappyBird-master/NERP_demo_top.v:195]
Completed static elaboration
Starting simulation data flow analysis
Completed simulation data flow analysis
Time Resolution for simulation is 1ps
Compiling module unisims_ver.XADC(INIT_41=16'b010000100001111...
Compiling module xil_defaultlib.xadc_wiz_0
Compiling module xil_defaultlib.clockdiv
Compiling module xil_defaultlib.segdisplay
Compiling module xil_defaultlib.vga640x480
Compiling module xil_defaultlib.bird
Compiling module xil_defaultlib.RNG
Compiling module xil_defaultlib.NERP_demo_top
Compiling module xil_defaultlib.XADCdemo
Compiling module xil_defaultlib.glbl
Built simulation snapshot XADCdemo_behav
run_program: Time (s): cpu = 00:00:00 ; elapsed = 00:00:06 . Memory (MB): peak = 1016.004 ; gain = 0.000
INFO: [USF-XSim-69] 'elaborate' step finished in '6' seconds
INFO: [USF-XSim-4] XSim::Simulate design
INFO: [USF-XSim-61] Executing 'SIMULATE' step in 'C:/Users/ahmed/Downloads/Basys3-Joystick-Interfacing-main/Basys3-Joystick-Interfacing-main/test.sim/sim_1/behav/xsim'
INFO: [USF-XSim-98] *** Running xsim
   with args "XADCdemo_behav -key {Behavioral:sim_1:Functional:XADCdemo} -tclbatch {XADCdemo.tcl} -log {simulate.log}"
INFO: [USF-XSim-8] Loading simulator feature
Vivado Simulator 2020.1
Time resolution is 1 ps
source XADCdemo.tcl
# set curr_wave [current_wave_config]
# if { [string length $curr_wave] == 0 } {
#   if { [llength [get_objects]] > 0} {
#     add_wave /
#     set_property needs_save false [current_wave_config]
#   } else {
#      send_msg_id Add_Wave-1 WARNING "No top level signals found. Simulator will start without a wave window. If you want to open a wave window go to 'File->New Waveform Configuration' or type 'create_wave_config' in the TCL console."
#   }
# }
# run 1000ns
WARNING: file c:/Users/Nate/Desktop/work/GitProject/Demos/DemoTest/Basys3/Projects/Basys3_XADC_Demo/src/ip/xadc_wiz_0_1/xadc_wiz_0/simulation/functional/design.txt could not be opened
 *** Warning: The analog data file c:/Users/Nate/Desktop/work/GitProject/Demos/DemoTest/Basys3/Projects/Basys3_XADC_Demo/src/ip/xadc_wiz_0_1/xadc_wiz_0/simulation/functional/design.txt for XADC instance XADCdemo.XLXI_7.U0 was not found. Use the SIM_MONITOR_FILE parameter to specify the analog data file name or use the default name: design.txt.

xsim: Time (s): cpu = 00:00:03 ; elapsed = 00:00:11 . Memory (MB): peak = 1016.004 ; gain = 0.000
INFO: [USF-XSim-96] XSim completed. Design snapshot 'XADCdemo_behav' loaded.
INFO: [USF-XSim-97] XSim simulation ran for 1000ns
launch_simulation: Time (s): cpu = 00:00:05 ; elapsed = 00:00:25 . Memory (MB): peak = 1016.004 ; gain = 0.000
close_sim
INFO: [Simtcl 6-16] Simulation closed
launch_simulation
Command: launch_simulation 
INFO: [Vivado 12-5698] Checking validity of IPs in the design for the 'XSim' simulator...
INFO: [Vivado 12-5682] Launching behavioral simulation in 'C:/Users/ahmed/Downloads/Basys3-Joystick-Interfacing-main/Basys3-Joystick-Interfacing-main/test.sim/sim_1/behav/xsim'
INFO: [Vivado 12-4795] Using compiled simulation libraries for IPs
INFO: [SIM-utils-51] Simulation object is 'sim_1'
INFO: [USF-XSim-7] Finding pre-compiled libraries...
INFO: [USF-XSim-11] File 'C:/Xilinx/Vivado/2020.1/data/xsim/xsim.ini' copied to run dir:'C:/Users/ahmed/Downloads/Basys3-Joystick-Interfacing-main/Basys3-Joystick-Interfacing-main/test.sim/sim_1/behav/xsim'
INFO: [SIM-utils-54] Inspecting design source files for 'XADCdemo' in fileset 'sim_1'...
INFO: [USF-XSim-97] Finding global include files...
INFO: [USF-XSim-98] Fetching design files from 'sim_1'...
INFO: [USF-XSim-2] XSim::Compile design
INFO: [USF-XSim-61] Executing 'COMPILE and ANALYZE' step in 'C:/Users/ahmed/Downloads/Basys3-Joystick-Interfacing-main/Basys3-Joystick-Interfacing-main/test.sim/sim_1/behav/xsim'
"xvlog --incr --relax -prj XADCdemo_vlog.prj"
INFO: [VRFC 10-2263] Analyzing Verilog file "C:/Users/ahmed/Downloads/Basys3-Joystick-Interfacing-main/Basys3-Joystick-Interfacing-main/test.srcs/sources_1/ip/xadc_wiz_0/xadc_wiz_0_funcsim.v" into library xil_defaultlib
INFO: [VRFC 10-311] analyzing module xadc_wiz_0
INFO: [VRFC 10-311] analyzing module glbl
INFO: [VRFC 10-2263] Analyzing Verilog file "C:/Users/ahmed/Downloads/FlappyBird-master/FlappyBird-master/NERP_demo_top.v" into library xil_defaultlib
INFO: [VRFC 10-311] analyzing module NERP_demo_top
WARNING: [VRFC 10-3248] data object 'enable' is already declared [C:/Users/ahmed/Downloads/FlappyBird-master/FlappyBird-master/NERP_demo_top.v:44]
WARNING: [VRFC 10-3703] second declaration of 'enable' ignored [C:/Users/ahmed/Downloads/FlappyBird-master/FlappyBird-master/NERP_demo_top.v:44]
WARNING: [VRFC 10-3248] data object 'enable_d' is already declared [C:/Users/ahmed/Downloads/FlappyBird-master/FlappyBird-master/NERP_demo_top.v:46]
WARNING: [VRFC 10-3703] second declaration of 'enable_d' ignored [C:/Users/ahmed/Downloads/FlappyBird-master/FlappyBird-master/NERP_demo_top.v:46]
WARNING: [VRFC 10-3380] identifier 'bird_clk' is used before its declaration [C:/Users/ahmed/Downloads/FlappyBird-master/FlappyBird-master/NERP_demo_top.v:29]
WARNING: [VRFC 10-3380] identifier 'state' is used before its declaration [C:/Users/ahmed/Downloads/FlappyBird-master/FlappyBird-master/NERP_demo_top.v:30]
WARNING: [VRFC 10-3380] identifier 'state' is used before its declaration [C:/Users/ahmed/Downloads/FlappyBird-master/FlappyBird-master/NERP_demo_top.v:34]
WARNING: [VRFC 10-3380] identifier 'bird_clk' is used before its declaration [C:/Users/ahmed/Downloads/FlappyBird-master/FlappyBird-master/NERP_demo_top.v:37]
WARNING: [VRFC 10-3380] identifier 'bird_clk' is used before its declaration [C:/Users/ahmed/Downloads/FlappyBird-master/FlappyBird-master/NERP_demo_top.v:48]
WARNING: [VRFC 10-3380] identifier 'state' is used before its declaration [C:/Users/ahmed/Downloads/FlappyBird-master/FlappyBird-master/NERP_demo_top.v:49]
WARNING: [VRFC 10-3380] identifier 'state' is used before its declaration [C:/Users/ahmed/Downloads/FlappyBird-master/FlappyBird-master/NERP_demo_top.v:53]
WARNING: [VRFC 10-3380] identifier 'bird_clk' is used before its declaration [C:/Users/ahmed/Downloads/FlappyBird-master/FlappyBird-master/NERP_demo_top.v:56]
WARNING: [VRFC 10-3380] identifier 'pipe_pos' is used before its declaration [C:/Users/ahmed/Downloads/FlappyBird-master/FlappyBird-master/NERP_demo_top.v:88]
WARNING: [VRFC 10-3380] identifier 'current_score' is used before its declaration [C:/Users/ahmed/Downloads/FlappyBird-master/FlappyBird-master/NERP_demo_top.v:93]
WARNING: [VRFC 10-3380] identifier 'high_score' is used before its declaration [C:/Users/ahmed/Downloads/FlappyBird-master/FlappyBird-master/NERP_demo_top.v:94]
WARNING: [VRFC 10-3380] identifier 'current_score' is used before its declaration [C:/Users/ahmed/Downloads/FlappyBird-master/FlappyBird-master/NERP_demo_top.v:139]
WARNING: [VRFC 10-3380] identifier 'current_score' is used before its declaration [C:/Users/ahmed/Downloads/FlappyBird-master/FlappyBird-master/NERP_demo_top.v:144]
INFO: [VRFC 10-2263] Analyzing Verilog file "C:/Users/ahmed/Downloads/FlappyBird-master/FlappyBird-master/RNG.v" into library xil_defaultlib
INFO: [VRFC 10-311] analyzing module RNG
INFO: [VRFC 10-2263] Analyzing Verilog file "C:/Users/ahmed/Downloads/FlappyBird-master/FlappyBird-master/bird.v" into library xil_defaultlib
INFO: [VRFC 10-311] analyzing module bird
INFO: [VRFC 10-2263] Analyzing Verilog file "C:/Users/ahmed/Downloads/FlappyBird-master/FlappyBird-master/clockdiv.v" into library xil_defaultlib
INFO: [VRFC 10-311] analyzing module clockdiv
INFO: [VRFC 10-2263] Analyzing Verilog file "C:/Users/ahmed/Downloads/FlappyBird-master/FlappyBird-master/segdisplay.v" into library xil_defaultlib
INFO: [VRFC 10-311] analyzing module segdisplay
INFO: [VRFC 10-2263] Analyzing Verilog file "C:/Users/ahmed/Downloads/FlappyBird-master/FlappyBird-master/vga640x480.v" into library xil_defaultlib
INFO: [VRFC 10-311] analyzing module vga640x480
INFO: [VRFC 10-2263] Analyzing Verilog file "C:/Users/ahmed/Downloads/Basys3-Joystick-Interfacing-main/Basys3-Joystick-Interfacing-main/test.srcs/sources_1/imports/hdl/XADCdemo.v" into library xil_defaultlib
INFO: [VRFC 10-311] analyzing module XADCdemo
INFO: [VRFC 10-2458] undeclared symbol hsync, assumed default net type wire [C:/Users/ahmed/Downloads/Basys3-Joystick-Interfacing-main/Basys3-Joystick-Interfacing-main/test.srcs/sources_1/imports/hdl/XADCdemo.v:263]
INFO: [VRFC 10-2458] undeclared symbol vsync, assumed default net type wire [C:/Users/ahmed/Downloads/Basys3-Joystick-Interfacing-main/Basys3-Joystick-Interfacing-main/test.srcs/sources_1/imports/hdl/XADCdemo.v:264]
INFO: [VRFC 10-2263] Analyzing Verilog file "C:/Users/ahmed/Downloads/Basys3-Joystick-Interfacing-main/Basys3-Joystick-Interfacing-main/test.sim/sim_1/behav/xsim/glbl.v" into library xil_defaultlib
INFO: [VRFC 10-311] analyzing module glbl
WARNING: [VRFC 10-3609] overwriting previous definition of module 'glbl' [C:/Users/ahmed/Downloads/Basys3-Joystick-Interfacing-main/Basys3-Joystick-Interfacing-main/test.sim/sim_1/behav/xsim/glbl.v:6]
INFO: [USF-XSim-69] 'compile' step finished in '5' seconds
INFO: [USF-XSim-3] XSim::Elaborate design
INFO: [USF-XSim-61] Executing 'ELABORATE' step in 'C:/Users/ahmed/Downloads/Basys3-Joystick-Interfacing-main/Basys3-Joystick-Interfacing-main/test.sim/sim_1/behav/xsim'
"xelab -wto 70f6ac49c5fd438fa245c63bb6b011ee --incr --debug typical --relax --mt 2 -L xil_defaultlib -L unisims_ver -L unimacro_ver -L secureip -L xpm --snapshot XADCdemo_behav xil_defaultlib.XADCdemo xil_defaultlib.glbl -log elaborate.log"
Vivado Simulator 2020.1
Copyright 1986-1999, 2001-2020 Xilinx, Inc. All Rights Reserved.
Running: C:/Xilinx/Vivado/2020.1/bin/unwrapped/win64.o/xelab.exe -wto 70f6ac49c5fd438fa245c63bb6b011ee --incr --debug typical --relax --mt 2 -L xil_defaultlib -L unisims_ver -L unimacro_ver -L secureip -L xpm --snapshot XADCdemo_behav xil_defaultlib.XADCdemo xil_defaultlib.glbl -log elaborate.log 
Using 2 slave threads.
Starting static elaboration
Pass Through NonSizing Optimizer
ERROR: [VRFC 10-3180] cannot find port 'rst' on this module [C:/Users/ahmed/Downloads/Basys3-Joystick-Interfacing-main/Basys3-Joystick-Interfacing-main/test.srcs/sources_1/imports/hdl/XADCdemo.v:251]
ERROR: [VRFC 10-3180] cannot find port 'down' on this module [C:/Users/ahmed/Downloads/Basys3-Joystick-Interfacing-main/Basys3-Joystick-Interfacing-main/test.srcs/sources_1/imports/hdl/XADCdemo.v:249]
ERROR: [VRFC 10-3180] cannot find port 'up' on this module [C:/Users/ahmed/Downloads/Basys3-Joystick-Interfacing-main/Basys3-Joystick-Interfacing-main/test.srcs/sources_1/imports/hdl/XADCdemo.v:248]
ERROR: [XSIM 43-3322] Static elaboration of top level Verilog design unit(s) in library work failed.
INFO: [USF-XSim-69] 'elaborate' step finished in '2' seconds
INFO: [USF-XSim-99] Step results log file:'C:/Users/ahmed/Downloads/Basys3-Joystick-Interfacing-main/Basys3-Joystick-Interfacing-main/test.sim/sim_1/behav/xsim/elaborate.log'
ERROR: [USF-XSim-62] 'elaborate' step failed with error(s). Please check the Tcl console output or 'C:/Users/ahmed/Downloads/Basys3-Joystick-Interfacing-main/Basys3-Joystick-Interfacing-main/test.sim/sim_1/behav/xsim/elaborate.log' file for more information.
ERROR: [Vivado 12-4473] Detected error while running simulation. Please correct the issue and retry this operation.
launch_simulation: Time (s): cpu = 00:00:01 ; elapsed = 00:00:07 . Memory (MB): peak = 1016.004 ; gain = 0.000
ERROR: [Common 17-39] 'launch_simulation' failed due to earlier errors.
launch_simulation
Command: launch_simulation 
INFO: [Vivado 12-5698] Checking validity of IPs in the design for the 'XSim' simulator...
INFO: [Vivado 12-5682] Launching behavioral simulation in 'C:/Users/ahmed/Downloads/Basys3-Joystick-Interfacing-main/Basys3-Joystick-Interfacing-main/test.sim/sim_1/behav/xsim'
INFO: [Vivado 12-4795] Using compiled simulation libraries for IPs
INFO: [SIM-utils-51] Simulation object is 'sim_1'
INFO: [USF-XSim-7] Finding pre-compiled libraries...
INFO: [USF-XSim-11] File 'C:/Xilinx/Vivado/2020.1/data/xsim/xsim.ini' copied to run dir:'C:/Users/ahmed/Downloads/Basys3-Joystick-Interfacing-main/Basys3-Joystick-Interfacing-main/test.sim/sim_1/behav/xsim'
INFO: [SIM-utils-54] Inspecting design source files for 'XADCdemo' in fileset 'sim_1'...
INFO: [USF-XSim-97] Finding global include files...
INFO: [USF-XSim-98] Fetching design files from 'sim_1'...
INFO: [USF-XSim-2] XSim::Compile design
INFO: [USF-XSim-61] Executing 'COMPILE and ANALYZE' step in 'C:/Users/ahmed/Downloads/Basys3-Joystick-Interfacing-main/Basys3-Joystick-Interfacing-main/test.sim/sim_1/behav/xsim'
"xvlog --incr --relax -prj XADCdemo_vlog.prj"
INFO: [VRFC 10-2263] Analyzing Verilog file "C:/Users/ahmed/Downloads/Basys3-Joystick-Interfacing-main/Basys3-Joystick-Interfacing-main/test.srcs/sources_1/ip/xadc_wiz_0/xadc_wiz_0_funcsim.v" into library xil_defaultlib
INFO: [VRFC 10-311] analyzing module xadc_wiz_0
INFO: [VRFC 10-311] analyzing module glbl
INFO: [VRFC 10-2263] Analyzing Verilog file "C:/Users/ahmed/Downloads/FlappyBird-master/FlappyBird-master/NERP_demo_top.v" into library xil_defaultlib
INFO: [VRFC 10-311] analyzing module NERP_demo_top
WARNING: [VRFC 10-3248] data object 'enable' is already declared [C:/Users/ahmed/Downloads/FlappyBird-master/FlappyBird-master/NERP_demo_top.v:44]
WARNING: [VRFC 10-3703] second declaration of 'enable' ignored [C:/Users/ahmed/Downloads/FlappyBird-master/FlappyBird-master/NERP_demo_top.v:44]
WARNING: [VRFC 10-3248] data object 'enable_d' is already declared [C:/Users/ahmed/Downloads/FlappyBird-master/FlappyBird-master/NERP_demo_top.v:46]
WARNING: [VRFC 10-3703] second declaration of 'enable_d' ignored [C:/Users/ahmed/Downloads/FlappyBird-master/FlappyBird-master/NERP_demo_top.v:46]
WARNING: [VRFC 10-3380] identifier 'bird_clk' is used before its declaration [C:/Users/ahmed/Downloads/FlappyBird-master/FlappyBird-master/NERP_demo_top.v:29]
WARNING: [VRFC 10-3380] identifier 'state' is used before its declaration [C:/Users/ahmed/Downloads/FlappyBird-master/FlappyBird-master/NERP_demo_top.v:30]
WARNING: [VRFC 10-3380] identifier 'state' is used before its declaration [C:/Users/ahmed/Downloads/FlappyBird-master/FlappyBird-master/NERP_demo_top.v:34]
WARNING: [VRFC 10-3380] identifier 'bird_clk' is used before its declaration [C:/Users/ahmed/Downloads/FlappyBird-master/FlappyBird-master/NERP_demo_top.v:37]
WARNING: [VRFC 10-3380] identifier 'bird_clk' is used before its declaration [C:/Users/ahmed/Downloads/FlappyBird-master/FlappyBird-master/NERP_demo_top.v:48]
WARNING: [VRFC 10-3380] identifier 'state' is used before its declaration [C:/Users/ahmed/Downloads/FlappyBird-master/FlappyBird-master/NERP_demo_top.v:49]
WARNING: [VRFC 10-3380] identifier 'state' is used before its declaration [C:/Users/ahmed/Downloads/FlappyBird-master/FlappyBird-master/NERP_demo_top.v:53]
WARNING: [VRFC 10-3380] identifier 'bird_clk' is used before its declaration [C:/Users/ahmed/Downloads/FlappyBird-master/FlappyBird-master/NERP_demo_top.v:56]
WARNING: [VRFC 10-3380] identifier 'pipe_pos' is used before its declaration [C:/Users/ahmed/Downloads/FlappyBird-master/FlappyBird-master/NERP_demo_top.v:88]
WARNING: [VRFC 10-3380] identifier 'current_score' is used before its declaration [C:/Users/ahmed/Downloads/FlappyBird-master/FlappyBird-master/NERP_demo_top.v:93]
WARNING: [VRFC 10-3380] identifier 'high_score' is used before its declaration [C:/Users/ahmed/Downloads/FlappyBird-master/FlappyBird-master/NERP_demo_top.v:94]
WARNING: [VRFC 10-3380] identifier 'current_score' is used before its declaration [C:/Users/ahmed/Downloads/FlappyBird-master/FlappyBird-master/NERP_demo_top.v:139]
WARNING: [VRFC 10-3380] identifier 'current_score' is used before its declaration [C:/Users/ahmed/Downloads/FlappyBird-master/FlappyBird-master/NERP_demo_top.v:144]
INFO: [VRFC 10-2263] Analyzing Verilog file "C:/Users/ahmed/Downloads/FlappyBird-master/FlappyBird-master/RNG.v" into library xil_defaultlib
INFO: [VRFC 10-311] analyzing module RNG
INFO: [VRFC 10-2263] Analyzing Verilog file "C:/Users/ahmed/Downloads/FlappyBird-master/FlappyBird-master/bird.v" into library xil_defaultlib
INFO: [VRFC 10-311] analyzing module bird
INFO: [VRFC 10-2263] Analyzing Verilog file "C:/Users/ahmed/Downloads/FlappyBird-master/FlappyBird-master/clockdiv.v" into library xil_defaultlib
INFO: [VRFC 10-311] analyzing module clockdiv
INFO: [VRFC 10-2263] Analyzing Verilog file "C:/Users/ahmed/Downloads/FlappyBird-master/FlappyBird-master/segdisplay.v" into library xil_defaultlib
INFO: [VRFC 10-311] analyzing module segdisplay
INFO: [VRFC 10-2263] Analyzing Verilog file "C:/Users/ahmed/Downloads/FlappyBird-master/FlappyBird-master/vga640x480.v" into library xil_defaultlib
INFO: [VRFC 10-311] analyzing module vga640x480
INFO: [VRFC 10-2263] Analyzing Verilog file "C:/Users/ahmed/Downloads/Basys3-Joystick-Interfacing-main/Basys3-Joystick-Interfacing-main/test.srcs/sources_1/imports/hdl/XADCdemo.v" into library xil_defaultlib
INFO: [VRFC 10-311] analyzing module XADCdemo
INFO: [VRFC 10-2458] undeclared symbol hsync, assumed default net type wire [C:/Users/ahmed/Downloads/Basys3-Joystick-Interfacing-main/Basys3-Joystick-Interfacing-main/test.srcs/sources_1/imports/hdl/XADCdemo.v:263]
INFO: [VRFC 10-2458] undeclared symbol vsync, assumed default net type wire [C:/Users/ahmed/Downloads/Basys3-Joystick-Interfacing-main/Basys3-Joystick-Interfacing-main/test.srcs/sources_1/imports/hdl/XADCdemo.v:264]
INFO: [USF-XSim-69] 'compile' step finished in '4' seconds
INFO: [USF-XSim-3] XSim::Elaborate design
INFO: [USF-XSim-61] Executing 'ELABORATE' step in 'C:/Users/ahmed/Downloads/Basys3-Joystick-Interfacing-main/Basys3-Joystick-Interfacing-main/test.sim/sim_1/behav/xsim'
"xelab -wto 70f6ac49c5fd438fa245c63bb6b011ee --incr --debug typical --relax --mt 2 -L xil_defaultlib -L unisims_ver -L unimacro_ver -L secureip -L xpm --snapshot XADCdemo_behav xil_defaultlib.XADCdemo xil_defaultlib.glbl -log elaborate.log"
Vivado Simulator 2020.1
Copyright 1986-1999, 2001-2020 Xilinx, Inc. All Rights Reserved.
Running: C:/Xilinx/Vivado/2020.1/bin/unwrapped/win64.o/xelab.exe -wto 70f6ac49c5fd438fa245c63bb6b011ee --incr --debug typical --relax --mt 2 -L xil_defaultlib -L unisims_ver -L unimacro_ver -L secureip -L xpm --snapshot XADCdemo_behav xil_defaultlib.XADCdemo xil_defaultlib.glbl -log elaborate.log 
Using 2 slave threads.
Starting static elaboration
Pass Through NonSizing Optimizer
WARNING: [VRFC 10-3091] actual bit length 11 differs from formal bit length 10 for port 'bird_coord' [C:/Users/ahmed/Downloads/FlappyBird-master/FlappyBird-master/NERP_demo_top.v:177]
WARNING: [VRFC 10-3091] actual bit length 10 differs from formal bit length 9 for port 'pipe_pos' [C:/Users/ahmed/Downloads/FlappyBird-master/FlappyBird-master/NERP_demo_top.v:178]
WARNING: [VRFC 10-3091] actual bit length 32 differs from formal bit length 2 for port 'fall_accel' [C:/Users/ahmed/Downloads/FlappyBird-master/FlappyBird-master/NERP_demo_top.v:201]
WARNING: [VRFC 10-5021] port 'rst' is not connected on this instance [C:/Users/ahmed/Downloads/FlappyBird-master/FlappyBird-master/NERP_demo_top.v:195]
Completed static elaboration
Starting simulation data flow analysis
Completed simulation data flow analysis
Time Resolution for simulation is 1ps
Compiling module unisims_ver.XADC(INIT_41=16'b010000100001111...
Compiling module xil_defaultlib.xadc_wiz_0
Compiling module xil_defaultlib.clockdiv
Compiling module xil_defaultlib.segdisplay
Compiling module xil_defaultlib.vga640x480
Compiling module xil_defaultlib.bird
Compiling module xil_defaultlib.RNG
Compiling module xil_defaultlib.NERP_demo_top
Compiling module xil_defaultlib.XADCdemo
Compiling module xil_defaultlib.glbl
Built simulation snapshot XADCdemo_behav
INFO: [USF-XSim-69] 'elaborate' step finished in '5' seconds
INFO: [USF-XSim-4] XSim::Simulate design
INFO: [USF-XSim-61] Executing 'SIMULATE' step in 'C:/Users/ahmed/Downloads/Basys3-Joystick-Interfacing-main/Basys3-Joystick-Interfacing-main/test.sim/sim_1/behav/xsim'
INFO: [USF-XSim-98] *** Running xsim
   with args "XADCdemo_behav -key {Behavioral:sim_1:Functional:XADCdemo} -tclbatch {XADCdemo.tcl} -log {simulate.log}"
INFO: [USF-XSim-8] Loading simulator feature
Vivado Simulator 2020.1
Time resolution is 1 ps
source XADCdemo.tcl
# set curr_wave [current_wave_config]
# if { [string length $curr_wave] == 0 } {
#   if { [llength [get_objects]] > 0} {
#     add_wave /
#     set_property needs_save false [current_wave_config]
#   } else {
#      send_msg_id Add_Wave-1 WARNING "No top level signals found. Simulator will start without a wave window. If you want to open a wave window go to 'File->New Waveform Configuration' or type 'create_wave_config' in the TCL console."
#   }
# }
# run 1000ns
WARNING: file c:/Users/Nate/Desktop/work/GitProject/Demos/DemoTest/Basys3/Projects/Basys3_XADC_Demo/src/ip/xadc_wiz_0_1/xadc_wiz_0/simulation/functional/design.txt could not be opened
 *** Warning: The analog data file c:/Users/Nate/Desktop/work/GitProject/Demos/DemoTest/Basys3/Projects/Basys3_XADC_Demo/src/ip/xadc_wiz_0_1/xadc_wiz_0/simulation/functional/design.txt for XADC instance XADCdemo.XLXI_7.U0 was not found. Use the SIM_MONITOR_FILE parameter to specify the analog data file name or use the default name: design.txt.

xsim: Time (s): cpu = 00:00:04 ; elapsed = 00:00:10 . Memory (MB): peak = 1016.004 ; gain = 0.000
INFO: [USF-XSim-96] XSim completed. Design snapshot 'XADCdemo_behav' loaded.
INFO: [USF-XSim-97] XSim simulation ran for 1000ns
launch_simulation: Time (s): cpu = 00:00:04 ; elapsed = 00:00:19 . Memory (MB): peak = 1016.004 ; gain = 0.000
close_sim
INFO: [Simtcl 6-16] Simulation closed
reset_run synth_1
launch_runs impl_1 -to_step write_bitstream -jobs 4
WARNING: [Vivado 12-4801] The synthesis checkpoint for IP 'C:/Users/ahmed/Downloads/Basys3-Joystick-Interfacing-main/Basys3-Joystick-Interfacing-main/test.srcs/sources_1/ip/xadc_wiz_0/xadc_wiz_0.xci' is available but stale and the IP is locked. An out-of-context (OOC) run will be created and/or launched, but synthesis may not be able to complete or could result in incorrect behavior.
Please select 'Report IP Status' from the 'Tools/Report' menu or run Tcl command 'report_ip_status' for more information.
WARNING: [Runs 36-337] The following IPs are either missing output products or output products are not up-to-date for Synthesis target. Since these IPs are locked, no update to the output products can be done. 
Please select 'Report IP Status' from the 'Tools/Report' menu or run Tcl command 'report_ip_status' for more information.
C:/Users/ahmed/Downloads/Basys3-Joystick-Interfacing-main/Basys3-Joystick-Interfacing-main/test.srcs/sources_1/ip/xadc_wiz_0/xadc_wiz_0.xci

[Sun Nov 26 11:20:43 2023] Launched synth_1...
Run output will be captured here: C:/Users/ahmed/Downloads/Basys3-Joystick-Interfacing-main/Basys3-Joystick-Interfacing-main/test.runs/synth_1/runme.log
[Sun Nov 26 11:20:43 2023] Launched impl_1...
Run output will be captured here: C:/Users/ahmed/Downloads/Basys3-Joystick-Interfacing-main/Basys3-Joystick-Interfacing-main/test.runs/impl_1/runme.log
open_hw_manager
connect_hw_server -allow_non_jtag
INFO: [Labtools 27-2285] Connecting to hw_server url TCP:localhost:3121
INFO: [Labtools 27-2222] Launching hw_server...
INFO: [Labtools 27-2221] Launch Output:

****** Xilinx hw_server v2020.1
  **** Build date : May 27 2020 at 20:24:38
    ** Copyright 1986-2020 Xilinx, Inc. All Rights Reserved.


INFO: [Labtools 27-3415] Connecting to cs_server url TCP:localhost:3042
INFO: [Labtools 27-3417] Launching cs_server...
INFO: [Labtools 27-2221] Launch Output:


****** Xilinx cs_server v2020.1.0
  **** Build date : May 14 2020-06:10:29
    ** Copyright 2017-2020 Xilinx, Inc. All Rights Reserved.



connect_hw_server: Time (s): cpu = 00:00:00 ; elapsed = 00:00:08 . Memory (MB): peak = 1074.793 ; gain = 5.805
open_hw_target
INFO: [Labtoolstcl 44-466] Opening hw_target localhost:3121/xilinx_tcf/Digilent/210183AF305FA
set_property PROGRAM.FILE {C:/Users/ahmed/Downloads/Basys3-Joystick-Interfacing-main/Basys3-Joystick-Interfacing-main/test.runs/impl_1/XADCdemo.bit} [get_hw_devices xc7a35t_0]
current_hw_device [get_hw_devices xc7a35t_0]
refresh_hw_device -update_hw_probes false [lindex [get_hw_devices xc7a35t_0] 0]
INFO: [Labtools 27-1434] Device xc7a35t (JTAG device index = 0) is programmed with a design that has no supported debug core(s) in it.
set_property PROBES.FILE {} [get_hw_devices xc7a35t_0]
set_property FULL_PROBES.FILE {} [get_hw_devices xc7a35t_0]
set_property PROGRAM.FILE {C:/Users/ahmed/Downloads/Basys3-Joystick-Interfacing-main/Basys3-Joystick-Interfacing-main/test.runs/impl_1/XADCdemo.bit} [get_hw_devices xc7a35t_0]
program_hw_devices [get_hw_devices xc7a35t_0]
INFO: [Labtools 27-3164] End of startup status: HIGH
refresh_hw_device [lindex [get_hw_devices xc7a35t_0] 0]
INFO: [Labtools 27-1434] Device xc7a35t (JTAG device index = 0) is programmed with a design that has no supported debug core(s) in it.
reset_run synth_1
launch_runs impl_1 -to_step write_bitstream -jobs 4
WARNING: [Vivado 12-4801] The synthesis checkpoint for IP 'C:/Users/ahmed/Downloads/Basys3-Joystick-Interfacing-main/Basys3-Joystick-Interfacing-main/test.srcs/sources_1/ip/xadc_wiz_0/xadc_wiz_0.xci' is available but stale and the IP is locked. An out-of-context (OOC) run will be created and/or launched, but synthesis may not be able to complete or could result in incorrect behavior.
Please select 'Report IP Status' from the 'Tools/Report' menu or run Tcl command 'report_ip_status' for more information.
WARNING: [Runs 36-337] The following IPs are either missing output products or output products are not up-to-date for Synthesis target. Since these IPs are locked, no update to the output products can be done. 
Please select 'Report IP Status' from the 'Tools/Report' menu or run Tcl command 'report_ip_status' for more information.
C:/Users/ahmed/Downloads/Basys3-Joystick-Interfacing-main/Basys3-Joystick-Interfacing-main/test.srcs/sources_1/ip/xadc_wiz_0/xadc_wiz_0.xci

[Sun Nov 26 11:32:06 2023] Launched synth_1...
Run output will be captured here: C:/Users/ahmed/Downloads/Basys3-Joystick-Interfacing-main/Basys3-Joystick-Interfacing-main/test.runs/synth_1/runme.log
[Sun Nov 26 11:32:06 2023] Launched impl_1...
Run output will be captured here: C:/Users/ahmed/Downloads/Basys3-Joystick-Interfacing-main/Basys3-Joystick-Interfacing-main/test.runs/impl_1/runme.log
ERROR: [Labtoolstcl 44-513] HW Target shutdown. Closing target: localhost:3121/xilinx_tcf/Digilent/210183AF305FA
INFO: [Labtoolstcl 44-466] Opening hw_target localhost:3121/xilinx_tcf/Digilent/210183AF305FA
INFO: [Labtools 27-1434] Device xc7a35t (JTAG device index = 0) is programmed with a design that has no supported debug core(s) in it.
WARNING: [Labtoolstcl 44-129] No matching hw_ila_data was found.
refresh_hw_device [lindex [get_hw_devices xc7a35t_0] 0]
INFO: [Labtools 27-1434] Device xc7a35t (JTAG device index = 0) is programmed with a design that has no supported debug core(s) in it.
set_property PROBES.FILE {} [get_hw_devices xc7a35t_0]
set_property FULL_PROBES.FILE {} [get_hw_devices xc7a35t_0]
set_property PROGRAM.FILE {C:/Users/ahmed/Downloads/Basys3-Joystick-Interfacing-main/Basys3-Joystick-Interfacing-main/test.runs/impl_1/XADCdemo.bit} [get_hw_devices xc7a35t_0]
program_hw_devices [get_hw_devices xc7a35t_0]
INFO: [Labtools 27-3164] End of startup status: HIGH
refresh_hw_device [lindex [get_hw_devices xc7a35t_0] 0]
INFO: [Labtools 27-1434] Device xc7a35t (JTAG device index = 0) is programmed with a design that has no supported debug core(s) in it.
open_run impl_1
INFO: [Device 21-403] Loading part xc7a35tcpg236-1
Netlist sorting complete. Time (s): cpu = 00:00:00 ; elapsed = 00:00:00.034 . Memory (MB): peak = 2638.234 ; gain = 0.000
INFO: [Netlist 29-17] Analyzing 114 Unisim elements for replacement
INFO: [Netlist 29-28] Unisim Transformation completed in 0 CPU seconds
INFO: [Project 1-479] Netlist was created with Vivado 2020.1
INFO: [Project 1-570] Preparing netlist for logic optimization
INFO: [Timing 38-478] Restoring timing data from binary archive.
INFO: [Timing 38-479] Binary timing data restore complete.
INFO: [Project 1-856] Restoring constraints from binary archive.
INFO: [Project 1-853] Binary constraint restore complete.
Reading XDEF placement.
Reading placer database...
Reading XDEF routing.
Read XDEF File: Time (s): cpu = 00:00:00 ; elapsed = 00:00:00.253 . Memory (MB): peak = 3308.547 ; gain = 0.000
Restored from archive | CPU: 0.000000 secs | Memory: 0.000000 MB |
Finished XDEF File Restore: Time (s): cpu = 00:00:00 ; elapsed = 00:00:00.264 . Memory (MB): peak = 3308.547 ; gain = 0.000
Netlist sorting complete. Time (s): cpu = 00:00:00 ; elapsed = 00:00:00 . Memory (MB): peak = 3308.547 ; gain = 0.000
INFO: [Project 1-111] Unisim Transformation Summary:
No Unisim elements were transformed.

open_run: Time (s): cpu = 00:00:31 ; elapsed = 00:00:35 . Memory (MB): peak = 3418.754 ; gain = 1022.023
WARNING: [Timing 38-313] There are no user specified timing constraints. Timing constraints are needed for proper timing analysis.
set_property IOSTANDARD LVCMOS33 [get_ports [list clk]]
startgroup
set_property package_pin "" [get_ports [list  CLK100MHZ]]
place_ports clk W5
endgroup
save_constraints -force
reset_run synth_1
launch_runs impl_1 -jobs 4
WARNING: [Vivado 12-4801] The synthesis checkpoint for IP 'C:/Users/ahmed/Downloads/Basys3-Joystick-Interfacing-main/Basys3-Joystick-Interfacing-main/test.srcs/sources_1/ip/xadc_wiz_0/xadc_wiz_0.xci' is available but stale and the IP is locked. An out-of-context (OOC) run will be created and/or launched, but synthesis may not be able to complete or could result in incorrect behavior.
Please select 'Report IP Status' from the 'Tools/Report' menu or run Tcl command 'report_ip_status' for more information.
WARNING: [Runs 36-337] The following IPs are either missing output products or output products are not up-to-date for Synthesis target. Since these IPs are locked, no update to the output products can be done. 
Please select 'Report IP Status' from the 'Tools/Report' menu or run Tcl command 'report_ip_status' for more information.
C:/Users/ahmed/Downloads/Basys3-Joystick-Interfacing-main/Basys3-Joystick-Interfacing-main/test.srcs/sources_1/ip/xadc_wiz_0/xadc_wiz_0.xci

[Sun Nov 26 11:44:17 2023] Launched synth_1...
Run output will be captured here: C:/Users/ahmed/Downloads/Basys3-Joystick-Interfacing-main/Basys3-Joystick-Interfacing-main/test.runs/synth_1/runme.log
[Sun Nov 26 11:44:17 2023] Launched impl_1...
Run output will be captured here: C:/Users/ahmed/Downloads/Basys3-Joystick-Interfacing-main/Basys3-Joystick-Interfacing-main/test.runs/impl_1/runme.log
launch_runs impl_1 -to_step write_bitstream -jobs 4
WARNING: [Vivado 12-4801] The synthesis checkpoint for IP 'C:/Users/ahmed/Downloads/Basys3-Joystick-Interfacing-main/Basys3-Joystick-Interfacing-main/test.srcs/sources_1/ip/xadc_wiz_0/xadc_wiz_0.xci' is available but stale and the IP is locked. An out-of-context (OOC) run will be created and/or launched, but synthesis may not be able to complete or could result in incorrect behavior.
Please select 'Report IP Status' from the 'Tools/Report' menu or run Tcl command 'report_ip_status' for more information.
[Sun Nov 26 11:49:23 2023] Launched impl_1...
Run output will be captured here: C:/Users/ahmed/Downloads/Basys3-Joystick-Interfacing-main/Basys3-Joystick-Interfacing-main/test.runs/impl_1/runme.log
reset_run synth_1
ERROR: [Labtoolstcl 44-513] HW Target shutdown. Closing target: localhost:3121/xilinx_tcf/Digilent/210183AF305FA
launch_runs impl_1 -to_step write_bitstream -jobs 4
WARNING: [Vivado 12-4801] The synthesis checkpoint for IP 'C:/Users/ahmed/Downloads/Basys3-Joystick-Interfacing-main/Basys3-Joystick-Interfacing-main/test.srcs/sources_1/ip/xadc_wiz_0/xadc_wiz_0.xci' is available but stale and the IP is locked. An out-of-context (OOC) run will be created and/or launched, but synthesis may not be able to complete or could result in incorrect behavior.
Please select 'Report IP Status' from the 'Tools/Report' menu or run Tcl command 'report_ip_status' for more information.
WARNING: [Runs 36-337] The following IPs are either missing output products or output products are not up-to-date for Synthesis target. Since these IPs are locked, no update to the output products can be done. 
Please select 'Report IP Status' from the 'Tools/Report' menu or run Tcl command 'report_ip_status' for more information.
C:/Users/ahmed/Downloads/Basys3-Joystick-Interfacing-main/Basys3-Joystick-Interfacing-main/test.srcs/sources_1/ip/xadc_wiz_0/xadc_wiz_0.xci

[Sun Nov 26 11:51:24 2023] Launched synth_1...
Run output will be captured here: C:/Users/ahmed/Downloads/Basys3-Joystick-Interfacing-main/Basys3-Joystick-Interfacing-main/test.runs/synth_1/runme.log
[Sun Nov 26 11:51:24 2023] Launched impl_1...
Run output will be captured here: C:/Users/ahmed/Downloads/Basys3-Joystick-Interfacing-main/Basys3-Joystick-Interfacing-main/test.runs/impl_1/runme.log
reset_run impl_1
launch_runs impl_1 -jobs 4
WARNING: [Vivado 12-4801] The synthesis checkpoint for IP 'C:/Users/ahmed/Downloads/Basys3-Joystick-Interfacing-main/Basys3-Joystick-Interfacing-main/test.srcs/sources_1/ip/xadc_wiz_0/xadc_wiz_0.xci' is available but stale and the IP is locked. An out-of-context (OOC) run will be created and/or launched, but synthesis may not be able to complete or could result in incorrect behavior.
Please select 'Report IP Status' from the 'Tools/Report' menu or run Tcl command 'report_ip_status' for more information.
[Sun Nov 26 11:54:24 2023] Launched impl_1...
Run output will be captured here: C:/Users/ahmed/Downloads/Basys3-Joystick-Interfacing-main/Basys3-Joystick-Interfacing-main/test.runs/impl_1/runme.log
WARNING: [Vivado 12-4172] The following IPs are either missing output products or output products are not up-to-date. Since these IPs are locked, no update to the output products cant be done. 
Please select 'Report IP Status' from the 'Tools/Report' menu or run Tcl command 'report_ip_status' for more information.
C:/Users/ahmed/Downloads/Basys3-Joystick-Interfacing-main/Basys3-Joystick-Interfacing-main/test.srcs/sources_1/ip/xadc_wiz_0/xadc_wiz_0.xci

refresh_design
Netlist sorting complete. Time (s): cpu = 00:00:00 ; elapsed = 00:00:00.014 . Memory (MB): peak = 3589.262 ; gain = 0.000
INFO: [Netlist 29-17] Analyzing 114 Unisim elements for replacement
INFO: [Netlist 29-28] Unisim Transformation completed in 0 CPU seconds
INFO: [Project 1-479] Netlist was created with Vivado 2020.1
INFO: [Project 1-570] Preparing netlist for logic optimization
INFO: [Timing 38-478] Restoring timing data from binary archive.
INFO: [Timing 38-479] Binary timing data restore complete.
INFO: [Project 1-856] Restoring constraints from binary archive.
INFO: [Project 1-853] Binary constraint restore complete.
Reading XDEF placement.
Reading placer database...
Reading XDEF routing.
Read XDEF File: Time (s): cpu = 00:00:00 ; elapsed = 00:00:00.223 . Memory (MB): peak = 3589.262 ; gain = 0.000
Restored from archive | CPU: 0.000000 secs | Memory: 0.000000 MB |
Finished XDEF File Restore: Time (s): cpu = 00:00:00 ; elapsed = 00:00:00.225 . Memory (MB): peak = 3589.262 ; gain = 0.000
refresh_design: Time (s): cpu = 00:00:08 ; elapsed = 00:00:08 . Memory (MB): peak = 3589.262 ; gain = 12.078
WARNING: [Timing 38-313] There are no user specified timing constraints. Timing constraints are needed for proper timing analysis.
INFO: [Labtoolstcl 44-466] Opening hw_target localhost:3121/xilinx_tcf/Digilent/210183AF305FA
INFO: [Labtools 27-1434] Device xc7a35t (JTAG device index = 0) is programmed with a design that has no supported debug core(s) in it.
WARNING: [Labtoolstcl 44-129] No matching hw_ila_data was found.
ERROR: [Labtoolstcl 44-513] HW Target shutdown. Closing target: localhost:3121/xilinx_tcf/Digilent/210183AF305FA
close_design
reset_run synth_1
launch_runs impl_1 -jobs 4
WARNING: [Vivado 12-4801] The synthesis checkpoint for IP 'C:/Users/ahmed/Downloads/Basys3-Joystick-Interfacing-main/Basys3-Joystick-Interfacing-main/test.srcs/sources_1/ip/xadc_wiz_0/xadc_wiz_0.xci' is available but stale and the IP is locked. An out-of-context (OOC) run will be created and/or launched, but synthesis may not be able to complete or could result in incorrect behavior.
Please select 'Report IP Status' from the 'Tools/Report' menu or run Tcl command 'report_ip_status' for more information.
WARNING: [Runs 36-337] The following IPs are either missing output products or output products are not up-to-date for Synthesis target. Since these IPs are locked, no update to the output products can be done. 
Please select 'Report IP Status' from the 'Tools/Report' menu or run Tcl command 'report_ip_status' for more information.
C:/Users/ahmed/Downloads/Basys3-Joystick-Interfacing-main/Basys3-Joystick-Interfacing-main/test.srcs/sources_1/ip/xadc_wiz_0/xadc_wiz_0.xci

[Sun Nov 26 12:00:55 2023] Launched synth_1...
Run output will be captured here: C:/Users/ahmed/Downloads/Basys3-Joystick-Interfacing-main/Basys3-Joystick-Interfacing-main/test.runs/synth_1/runme.log
[Sun Nov 26 12:00:55 2023] Launched impl_1...
Run output will be captured here: C:/Users/ahmed/Downloads/Basys3-Joystick-Interfacing-main/Basys3-Joystick-Interfacing-main/test.runs/impl_1/runme.log
open_run impl_1
Netlist sorting complete. Time (s): cpu = 00:00:00 ; elapsed = 00:00:00.015 . Memory (MB): peak = 3754.227 ; gain = 0.000
INFO: [Netlist 29-17] Analyzing 114 Unisim elements for replacement
INFO: [Netlist 29-28] Unisim Transformation completed in 0 CPU seconds
INFO: [Project 1-479] Netlist was created with Vivado 2020.1
INFO: [Project 1-570] Preparing netlist for logic optimization
INFO: [Timing 38-478] Restoring timing data from binary archive.
INFO: [Timing 38-479] Binary timing data restore complete.
INFO: [Project 1-856] Restoring constraints from binary archive.
INFO: [Project 1-853] Binary constraint restore complete.
Reading XDEF placement.
Reading placer database...
Reading XDEF routing.
Read XDEF File: Time (s): cpu = 00:00:00 ; elapsed = 00:00:00.143 . Memory (MB): peak = 3754.227 ; gain = 0.000
Restored from archive | CPU: 0.000000 secs | Memory: 0.000000 MB |
Finished XDEF File Restore: Time (s): cpu = 00:00:00 ; elapsed = 00:00:00.144 . Memory (MB): peak = 3754.227 ; gain = 0.000
Netlist sorting complete. Time (s): cpu = 00:00:00 ; elapsed = 00:00:00.001 . Memory (MB): peak = 3754.227 ; gain = 0.000
INFO: [Project 1-111] Unisim Transformation Summary:
No Unisim elements were transformed.

WARNING: [Timing 38-313] There are no user specified timing constraints. Timing constraints are needed for proper timing analysis.
set_property is_loc_fixed true [get_ports [list  CLK100MHZ]]
save_constraints
reset_run impl_1
launch_runs impl_1 -to_step write_bitstream -jobs 4
INFO: [Vivado 12-4149] The synthesis checkpoint for IP 'C:/Users/ahmed/Downloads/Basys3-Joystick-Interfacing-main/Basys3-Joystick-Interfacing-main/test.srcs/sources_1/ip/xadc_wiz_0/xadc_wiz_0.xci' is already up-to-date
[Sun Nov 26 12:03:29 2023] Launched impl_1...
Run output will be captured here: C:/Users/ahmed/Downloads/Basys3-Joystick-Interfacing-main/Basys3-Joystick-Interfacing-main/test.runs/impl_1/runme.log
INFO: [Labtoolstcl 44-466] Opening hw_target localhost:3121/xilinx_tcf/Digilent/210183AF305FA
INFO: [Labtools 27-1434] Device xc7a35t (JTAG device index = 0) is programmed with a design that has no supported debug core(s) in it.
WARNING: [Labtoolstcl 44-129] No matching hw_ila_data was found.
refresh_hw_device [lindex [get_hw_devices xc7a35t_0] 0]
INFO: [Labtools 27-1434] Device xc7a35t (JTAG device index = 0) is programmed with a design that has no supported debug core(s) in it.
set_property PROBES.FILE {} [get_hw_devices xc7a35t_0]
set_property FULL_PROBES.FILE {} [get_hw_devices xc7a35t_0]
set_property PROGRAM.FILE {C:/Users/ahmed/Downloads/Basys3-Joystick-Interfacing-main/Basys3-Joystick-Interfacing-main/test.runs/impl_1/XADCdemo.bit} [get_hw_devices xc7a35t_0]
program_hw_devices [get_hw_devices xc7a35t_0]
INFO: [Labtools 27-3164] End of startup status: HIGH
refresh_hw_device [lindex [get_hw_devices xc7a35t_0] 0]
INFO: [Labtools 27-1434] Device xc7a35t (JTAG device index = 0) is programmed with a design that has no supported debug core(s) in it.
synth_design -rtl -name rtl_1
Command: synth_design -rtl -name rtl_1
Starting synth_design
Using part: xc7a35tcpg236-1
WARNING: [IP_Flow 19-2162] IP 'xadc_wiz_0' is locked:
* IP definition 'XADC Wizard (3.0)' for IP 'xadc_wiz_0' (customized with software release 2015.1) has a newer minor version in the IP Catalog.
Top: XADCdemo
CRITICAL WARNING: [Synth 8-976] enable has already been declared [C:/Users/ahmed/Downloads/FlappyBird-master/FlappyBird-master/NERP_demo_top.v:44]
CRITICAL WARNING: [Synth 8-2654] second declaration of enable ignored [C:/Users/ahmed/Downloads/FlappyBird-master/FlappyBird-master/NERP_demo_top.v:44]
INFO: [Synth 8-994] enable is declared here [C:/Users/ahmed/Downloads/FlappyBird-master/FlappyBird-master/NERP_demo_top.v:25]
CRITICAL WARNING: [Synth 8-976] enable_d has already been declared [C:/Users/ahmed/Downloads/FlappyBird-master/FlappyBird-master/NERP_demo_top.v:46]
CRITICAL WARNING: [Synth 8-2654] second declaration of enable_d ignored [C:/Users/ahmed/Downloads/FlappyBird-master/FlappyBird-master/NERP_demo_top.v:46]
INFO: [Synth 8-994] enable_d is declared here [C:/Users/ahmed/Downloads/FlappyBird-master/FlappyBird-master/NERP_demo_top.v:27]
WARNING: [Synth 8-6901] identifier 'bird_clk' is used before its declaration [C:/Users/ahmed/Downloads/FlappyBird-master/FlappyBird-master/NERP_demo_top.v:29]
WARNING: [Synth 8-6901] identifier 'state' is used before its declaration [C:/Users/ahmed/Downloads/FlappyBird-master/FlappyBird-master/NERP_demo_top.v:30]
WARNING: [Synth 8-6901] identifier 'state' is used before its declaration [C:/Users/ahmed/Downloads/FlappyBird-master/FlappyBird-master/NERP_demo_top.v:34]
WARNING: [Synth 8-6901] identifier 'bird_clk' is used before its declaration [C:/Users/ahmed/Downloads/FlappyBird-master/FlappyBird-master/NERP_demo_top.v:37]
WARNING: [Synth 8-6901] identifier 'bird_clk' is used before its declaration [C:/Users/ahmed/Downloads/FlappyBird-master/FlappyBird-master/NERP_demo_top.v:48]
WARNING: [Synth 8-6901] identifier 'state' is used before its declaration [C:/Users/ahmed/Downloads/FlappyBird-master/FlappyBird-master/NERP_demo_top.v:49]
WARNING: [Synth 8-6901] identifier 'state' is used before its declaration [C:/Users/ahmed/Downloads/FlappyBird-master/FlappyBird-master/NERP_demo_top.v:53]
WARNING: [Synth 8-6901] identifier 'bird_clk' is used before its declaration [C:/Users/ahmed/Downloads/FlappyBird-master/FlappyBird-master/NERP_demo_top.v:56]
WARNING: [Synth 8-6901] identifier 'pipe_pos' is used before its declaration [C:/Users/ahmed/Downloads/FlappyBird-master/FlappyBird-master/NERP_demo_top.v:88]
WARNING: [Synth 8-6901] identifier 'pipe_pos' is used before its declaration [C:/Users/ahmed/Downloads/FlappyBird-master/FlappyBird-master/NERP_demo_top.v:88]
WARNING: [Synth 8-6901] identifier 'current_score' is used before its declaration [C:/Users/ahmed/Downloads/FlappyBird-master/FlappyBird-master/NERP_demo_top.v:93]
WARNING: [Synth 8-6901] identifier 'high_score' is used before its declaration [C:/Users/ahmed/Downloads/FlappyBird-master/FlappyBird-master/NERP_demo_top.v:93]
WARNING: [Synth 8-6901] identifier 'high_score' is used before its declaration [C:/Users/ahmed/Downloads/FlappyBird-master/FlappyBird-master/NERP_demo_top.v:94]
WARNING: [Synth 8-6901] identifier 'current_score' is used before its declaration [C:/Users/ahmed/Downloads/FlappyBird-master/FlappyBird-master/NERP_demo_top.v:94]
WARNING: [Synth 8-6901] identifier 'current_score' is used before its declaration [C:/Users/ahmed/Downloads/FlappyBird-master/FlappyBird-master/NERP_demo_top.v:139]
WARNING: [Synth 8-6901] identifier 'current_score' is used before its declaration [C:/Users/ahmed/Downloads/FlappyBird-master/FlappyBird-master/NERP_demo_top.v:139]
WARNING: [Synth 8-6901] identifier 'current_score' is used before its declaration [C:/Users/ahmed/Downloads/FlappyBird-master/FlappyBird-master/NERP_demo_top.v:144]
---------------------------------------------------------------------------------
Starting RTL Elaboration : Time (s): cpu = 00:00:04 ; elapsed = 00:00:05 . Memory (MB): peak = 3988.789 ; gain = 187.438
---------------------------------------------------------------------------------
INFO: [Synth 8-6157] synthesizing module 'XADCdemo' [C:/Users/ahmed/Downloads/Basys3-Joystick-Interfacing-main/Basys3-Joystick-Interfacing-main/test.srcs/sources_1/imports/hdl/XADCdemo.v:21]
INFO: [Synth 8-6157] synthesizing module 'xadc_wiz_0' [C:/Users/ahmed/Downloads/Basys3-Joystick-Interfacing-main/Basys3-Joystick-Interfacing-main/.Xil/Vivado-4700-LAPTOP-A8JSD84F/realtime/xadc_wiz_0_stub.v:6]
INFO: [Synth 8-6155] done synthesizing module 'xadc_wiz_0' (1#1) [C:/Users/ahmed/Downloads/Basys3-Joystick-Interfacing-main/Basys3-Joystick-Interfacing-main/.Xil/Vivado-4700-LAPTOP-A8JSD84F/realtime/xadc_wiz_0_stub.v:6]
WARNING: [Synth 8-7071] port 'eos_out' of module 'xadc_wiz_0' is unconnected for instance 'XLXI_7' [C:/Users/ahmed/Downloads/Basys3-Joystick-Interfacing-main/Basys3-Joystick-Interfacing-main/test.srcs/sources_1/imports/hdl/XADCdemo.v:74]
WARNING: [Synth 8-7023] instance 'XLXI_7' of module 'xadc_wiz_0' has 22 connections declared, but only 21 given [C:/Users/ahmed/Downloads/Basys3-Joystick-Interfacing-main/Basys3-Joystick-Interfacing-main/test.srcs/sources_1/imports/hdl/XADCdemo.v:74]
INFO: [Synth 8-6157] synthesizing module 'NERP_demo_top' [C:/Users/ahmed/Downloads/FlappyBird-master/FlappyBird-master/NERP_demo_top.v:3]
INFO: [Synth 8-6157] synthesizing module 'clockdiv' [C:/Users/ahmed/Downloads/FlappyBird-master/FlappyBird-master/clockdiv.v:21]
INFO: [Synth 8-6155] done synthesizing module 'clockdiv' (2#1) [C:/Users/ahmed/Downloads/FlappyBird-master/FlappyBird-master/clockdiv.v:21]
INFO: [Synth 8-6157] synthesizing module 'segdisplay' [C:/Users/ahmed/Downloads/FlappyBird-master/FlappyBird-master/segdisplay.v:21]
	Parameter left bound to: 2'b00 
	Parameter midleft bound to: 2'b01 
	Parameter midright bound to: 2'b10 
	Parameter right bound to: 2'b11 
INFO: [Synth 8-226] default block is never used [C:/Users/ahmed/Downloads/FlappyBird-master/FlappyBird-master/segdisplay.v:46]
INFO: [Synth 8-6155] done synthesizing module 'segdisplay' (3#1) [C:/Users/ahmed/Downloads/FlappyBird-master/FlappyBird-master/segdisplay.v:21]
INFO: [Synth 8-6157] synthesizing module 'vga640x480' [C:/Users/ahmed/Downloads/FlappyBird-master/FlappyBird-master/vga640x480.v:21]
	Parameter G bound to: 8'b11111000 
	Parameter A bound to: 8'b10001000 
	Parameter M bound to: 8'b10101000 
	Parameter E bound to: 8'b10011000 
	Parameter O bound to: 8'b11111000 
	Parameter V bound to: 8'b11111000 
	Parameter R bound to: 8'b10101000 
	Parameter hpixels bound to: 800 - type: integer 
	Parameter vlines bound to: 521 - type: integer 
	Parameter hpulse bound to: 96 - type: integer 
	Parameter vpulse bound to: 2 - type: integer 
	Parameter hbp bound to: 144 - type: integer 
	Parameter hfp bound to: 784 - type: integer 
	Parameter vbp bound to: 31 - type: integer 
	Parameter vfp bound to: 511 - type: integer 
WARNING: [Synth 8-151] case item 32'b00000000000000000000000000010000 is unreachable [C:/Users/ahmed/Downloads/FlappyBird-master/FlappyBird-master/vga640x480.v:385]
WARNING: [Synth 8-151] case item 32'b00000000000000000000000000010001 is unreachable [C:/Users/ahmed/Downloads/FlappyBird-master/FlappyBird-master/vga640x480.v:399]
WARNING: [Synth 8-151] case item 32'b00000000000000000000000000010010 is unreachable [C:/Users/ahmed/Downloads/FlappyBird-master/FlappyBird-master/vga640x480.v:414]
WARNING: [Synth 8-151] case item 32'b00000000000000000000000000010011 is unreachable [C:/Users/ahmed/Downloads/FlappyBird-master/FlappyBird-master/vga640x480.v:428]
INFO: [Synth 8-6155] done synthesizing module 'vga640x480' (4#1) [C:/Users/ahmed/Downloads/FlappyBird-master/FlappyBird-master/vga640x480.v:21]
WARNING: [Synth 8-689] width (11) of port connection 'bird_coord' does not match port width (10) of module 'vga640x480' [C:/Users/ahmed/Downloads/FlappyBird-master/FlappyBird-master/NERP_demo_top.v:177]
WARNING: [Synth 8-689] width (10) of port connection 'pipe_pos' does not match port width (9) of module 'vga640x480' [C:/Users/ahmed/Downloads/FlappyBird-master/FlappyBird-master/NERP_demo_top.v:178]
INFO: [Synth 8-6157] synthesizing module 'bird' [C:/Users/ahmed/Downloads/FlappyBird-master/FlappyBird-master/bird.v:21]
INFO: [Synth 8-6155] done synthesizing module 'bird' (5#1) [C:/Users/ahmed/Downloads/FlappyBird-master/FlappyBird-master/bird.v:21]
WARNING: [Synth 8-7071] port 'rst' of module 'bird' is unconnected for instance 'flappy' [C:/Users/ahmed/Downloads/FlappyBird-master/FlappyBird-master/NERP_demo_top.v:195]
WARNING: [Synth 8-7023] instance 'flappy' of module 'bird' has 8 connections declared, but only 7 given [C:/Users/ahmed/Downloads/FlappyBird-master/FlappyBird-master/NERP_demo_top.v:195]
INFO: [Synth 8-6157] synthesizing module 'RNG' [C:/Users/ahmed/Downloads/FlappyBird-master/FlappyBird-master/RNG.v:21]
INFO: [Synth 8-6155] done synthesizing module 'RNG' (6#1) [C:/Users/ahmed/Downloads/FlappyBird-master/FlappyBird-master/RNG.v:21]
INFO: [Synth 8-6155] done synthesizing module 'NERP_demo_top' (7#1) [C:/Users/ahmed/Downloads/FlappyBird-master/FlappyBird-master/NERP_demo_top.v:3]
INFO: [Synth 8-6155] done synthesizing module 'XADCdemo' (8#1) [C:/Users/ahmed/Downloads/Basys3-Joystick-Interfacing-main/Basys3-Joystick-Interfacing-main/test.srcs/sources_1/imports/hdl/XADCdemo.v:21]
---------------------------------------------------------------------------------
Finished RTL Elaboration : Time (s): cpu = 00:00:06 ; elapsed = 00:00:07 . Memory (MB): peak = 4039.953 ; gain = 238.602
---------------------------------------------------------------------------------
---------------------------------------------------------------------------------
Start Handling Custom Attributes
---------------------------------------------------------------------------------
---------------------------------------------------------------------------------
Finished Handling Custom Attributes : Time (s): cpu = 00:00:06 ; elapsed = 00:00:07 . Memory (MB): peak = 4057.891 ; gain = 256.539
---------------------------------------------------------------------------------
---------------------------------------------------------------------------------
Finished RTL Optimization Phase 1 : Time (s): cpu = 00:00:06 ; elapsed = 00:00:07 . Memory (MB): peak = 4057.891 ; gain = 256.539
---------------------------------------------------------------------------------
INFO: [Project 1-454] Reading design checkpoint 'c:/Users/ahmed/Downloads/Basys3-Joystick-Interfacing-main/Basys3-Joystick-Interfacing-main/test.srcs/sources_1/ip/xadc_wiz_0/xadc_wiz_0.dcp' for cell 'XLXI_7'
Netlist sorting complete. Time (s): cpu = 00:00:00 ; elapsed = 00:00:00.019 . Memory (MB): peak = 4057.891 ; gain = 0.000
INFO: [Netlist 29-17] Analyzing 1 Unisim elements for replacement
INFO: [Netlist 29-28] Unisim Transformation completed in 0 CPU seconds
INFO: [Project 1-479] Netlist was created with Vivado 2015.1
INFO: [Project 1-570] Preparing netlist for logic optimization
INFO: [Opt 31-140] Inserted 9 IBUFs to IO ports without IO buffers.
INFO: [Opt 31-141] Inserted 1 OBUFs to IO ports without IO buffers.

Processing XDC Constraints
Initializing timing engine
Parsing XDC File [c:/Users/ahmed/Downloads/Basys3-Joystick-Interfacing-main/Basys3-Joystick-Interfacing-main/test.srcs/sources_1/ip/xadc_wiz_0/xadc_wiz_0.xdc] for cell 'XLXI_7/U0'
Finished Parsing XDC File [c:/Users/ahmed/Downloads/Basys3-Joystick-Interfacing-main/Basys3-Joystick-Interfacing-main/test.srcs/sources_1/ip/xadc_wiz_0/xadc_wiz_0.xdc] for cell 'XLXI_7/U0'
Parsing XDC File [C:/Users/ahmed/Downloads/Basys3-Joystick-Interfacing-main/Basys3-Joystick-Interfacing-main/test.srcs/constrs_1/new/myconst.xdc]
Finished Parsing XDC File [C:/Users/ahmed/Downloads/Basys3-Joystick-Interfacing-main/Basys3-Joystick-Interfacing-main/test.srcs/constrs_1/new/myconst.xdc]
Completed Processing XDC Constraints

INFO: [Opt 31-138] Pushed 0 inverter(s) to 0 load pin(s).
Netlist sorting complete. Time (s): cpu = 00:00:00 ; elapsed = 00:00:00.001 . Memory (MB): peak = 4180.762 ; gain = 0.000
INFO: [Project 1-111] Unisim Transformation Summary:
No Unisim elements were transformed.

RTL Elaboration Complete:  : Time (s): cpu = 00:00:10 ; elapsed = 00:00:12 . Memory (MB): peak = 4180.762 ; gain = 379.410
28 Infos, 28 Warnings, 4 Critical Warnings and 0 Errors encountered.
synth_design completed successfully
synth_design: Time (s): cpu = 00:00:10 ; elapsed = 00:00:12 . Memory (MB): peak = 4180.762 ; gain = 379.410
ERROR: [Labtoolstcl 44-513] HW Target shutdown. Closing target: localhost:3121/xilinx_tcf/Digilent/210183AF305FA
refresh_design
CRITICAL WARNING: [Synth 8-976] enable has already been declared [C:/Users/ahmed/Downloads/FlappyBird-master/FlappyBird-master/NERP_demo_top.v:44]
CRITICAL WARNING: [Synth 8-2654] second declaration of enable ignored [C:/Users/ahmed/Downloads/FlappyBird-master/FlappyBird-master/NERP_demo_top.v:44]
INFO: [Synth 8-994] enable is declared here [C:/Users/ahmed/Downloads/FlappyBird-master/FlappyBird-master/NERP_demo_top.v:25]
CRITICAL WARNING: [Synth 8-976] enable_d has already been declared [C:/Users/ahmed/Downloads/FlappyBird-master/FlappyBird-master/NERP_demo_top.v:46]
CRITICAL WARNING: [Synth 8-2654] second declaration of enable_d ignored [C:/Users/ahmed/Downloads/FlappyBird-master/FlappyBird-master/NERP_demo_top.v:46]
INFO: [Synth 8-994] enable_d is declared here [C:/Users/ahmed/Downloads/FlappyBird-master/FlappyBird-master/NERP_demo_top.v:27]
WARNING: [Synth 8-6901] identifier 'bird_clk' is used before its declaration [C:/Users/ahmed/Downloads/FlappyBird-master/FlappyBird-master/NERP_demo_top.v:29]
WARNING: [Synth 8-6901] identifier 'state' is used before its declaration [C:/Users/ahmed/Downloads/FlappyBird-master/FlappyBird-master/NERP_demo_top.v:30]
WARNING: [Synth 8-6901] identifier 'state' is used before its declaration [C:/Users/ahmed/Downloads/FlappyBird-master/FlappyBird-master/NERP_demo_top.v:34]
WARNING: [Synth 8-6901] identifier 'bird_clk' is used before its declaration [C:/Users/ahmed/Downloads/FlappyBird-master/FlappyBird-master/NERP_demo_top.v:37]
WARNING: [Synth 8-6901] identifier 'bird_clk' is used before its declaration [C:/Users/ahmed/Downloads/FlappyBird-master/FlappyBird-master/NERP_demo_top.v:48]
WARNING: [Synth 8-6901] identifier 'state' is used before its declaration [C:/Users/ahmed/Downloads/FlappyBird-master/FlappyBird-master/NERP_demo_top.v:49]
WARNING: [Synth 8-6901] identifier 'state' is used before its declaration [C:/Users/ahmed/Downloads/FlappyBird-master/FlappyBird-master/NERP_demo_top.v:53]
WARNING: [Synth 8-6901] identifier 'bird_clk' is used before its declaration [C:/Users/ahmed/Downloads/FlappyBird-master/FlappyBird-master/NERP_demo_top.v:56]
WARNING: [Synth 8-6901] identifier 'pipe_pos' is used before its declaration [C:/Users/ahmed/Downloads/FlappyBird-master/FlappyBird-master/NERP_demo_top.v:88]
WARNING: [Synth 8-6901] identifier 'pipe_pos' is used before its declaration [C:/Users/ahmed/Downloads/FlappyBird-master/FlappyBird-master/NERP_demo_top.v:88]
WARNING: [Synth 8-6901] identifier 'current_score' is used before its declaration [C:/Users/ahmed/Downloads/FlappyBird-master/FlappyBird-master/NERP_demo_top.v:93]
WARNING: [Synth 8-6901] identifier 'high_score' is used before its declaration [C:/Users/ahmed/Downloads/FlappyBird-master/FlappyBird-master/NERP_demo_top.v:93]
WARNING: [Synth 8-6901] identifier 'high_score' is used before its declaration [C:/Users/ahmed/Downloads/FlappyBird-master/FlappyBird-master/NERP_demo_top.v:94]
WARNING: [Synth 8-6901] identifier 'current_score' is used before its declaration [C:/Users/ahmed/Downloads/FlappyBird-master/FlappyBird-master/NERP_demo_top.v:94]
WARNING: [Synth 8-6901] identifier 'current_score' is used before its declaration [C:/Users/ahmed/Downloads/FlappyBird-master/FlappyBird-master/NERP_demo_top.v:139]
WARNING: [Synth 8-6901] identifier 'current_score' is used before its declaration [C:/Users/ahmed/Downloads/FlappyBird-master/FlappyBird-master/NERP_demo_top.v:139]
WARNING: [Synth 8-6901] identifier 'current_score' is used before its declaration [C:/Users/ahmed/Downloads/FlappyBird-master/FlappyBird-master/NERP_demo_top.v:144]
---------------------------------------------------------------------------------
Starting RTL Elaboration : Time (s): cpu = 00:00:04 ; elapsed = 00:00:04 . Memory (MB): peak = 4180.762 ; gain = 0.000
---------------------------------------------------------------------------------
INFO: [Synth 8-6157] synthesizing module 'XADCdemo' [C:/Users/ahmed/Downloads/Basys3-Joystick-Interfacing-main/Basys3-Joystick-Interfacing-main/test.srcs/sources_1/imports/hdl/XADCdemo.v:21]
INFO: [Synth 8-6157] synthesizing module 'xadc_wiz_0' [C:/Users/ahmed/Downloads/Basys3-Joystick-Interfacing-main/Basys3-Joystick-Interfacing-main/.Xil/Vivado-4700-LAPTOP-A8JSD84F/realtime/xadc_wiz_0_stub.v:6]
INFO: [Synth 8-6155] done synthesizing module 'xadc_wiz_0' (1#1) [C:/Users/ahmed/Downloads/Basys3-Joystick-Interfacing-main/Basys3-Joystick-Interfacing-main/.Xil/Vivado-4700-LAPTOP-A8JSD84F/realtime/xadc_wiz_0_stub.v:6]
WARNING: [Synth 8-7071] port 'eos_out' of module 'xadc_wiz_0' is unconnected for instance 'XLXI_7' [C:/Users/ahmed/Downloads/Basys3-Joystick-Interfacing-main/Basys3-Joystick-Interfacing-main/test.srcs/sources_1/imports/hdl/XADCdemo.v:74]
WARNING: [Synth 8-7023] instance 'XLXI_7' of module 'xadc_wiz_0' has 22 connections declared, but only 21 given [C:/Users/ahmed/Downloads/Basys3-Joystick-Interfacing-main/Basys3-Joystick-Interfacing-main/test.srcs/sources_1/imports/hdl/XADCdemo.v:74]
INFO: [Synth 8-6157] synthesizing module 'NERP_demo_top' [C:/Users/ahmed/Downloads/FlappyBird-master/FlappyBird-master/NERP_demo_top.v:3]
INFO: [Synth 8-6157] synthesizing module 'clockdiv' [C:/Users/ahmed/Downloads/FlappyBird-master/FlappyBird-master/clockdiv.v:21]
INFO: [Synth 8-6155] done synthesizing module 'clockdiv' (2#1) [C:/Users/ahmed/Downloads/FlappyBird-master/FlappyBird-master/clockdiv.v:21]
INFO: [Synth 8-6157] synthesizing module 'segdisplay' [C:/Users/ahmed/Downloads/FlappyBird-master/FlappyBird-master/segdisplay.v:21]
	Parameter left bound to: 2'b00 
	Parameter midleft bound to: 2'b01 
	Parameter midright bound to: 2'b10 
	Parameter right bound to: 2'b11 
INFO: [Synth 8-226] default block is never used [C:/Users/ahmed/Downloads/FlappyBird-master/FlappyBird-master/segdisplay.v:46]
INFO: [Synth 8-6155] done synthesizing module 'segdisplay' (3#1) [C:/Users/ahmed/Downloads/FlappyBird-master/FlappyBird-master/segdisplay.v:21]
INFO: [Synth 8-6157] synthesizing module 'vga640x480' [C:/Users/ahmed/Downloads/FlappyBird-master/FlappyBird-master/vga640x480.v:21]
	Parameter G bound to: 8'b11111000 
	Parameter A bound to: 8'b10001000 
	Parameter M bound to: 8'b10101000 
	Parameter E bound to: 8'b10011000 
	Parameter O bound to: 8'b11111000 
	Parameter V bound to: 8'b11111000 
	Parameter R bound to: 8'b10101000 
	Parameter hpixels bound to: 800 - type: integer 
	Parameter vlines bound to: 521 - type: integer 
	Parameter hpulse bound to: 96 - type: integer 
	Parameter vpulse bound to: 2 - type: integer 
	Parameter hbp bound to: 144 - type: integer 
	Parameter hfp bound to: 784 - type: integer 
	Parameter vbp bound to: 31 - type: integer 
	Parameter vfp bound to: 511 - type: integer 
WARNING: [Synth 8-151] case item 32'b00000000000000000000000000010000 is unreachable [C:/Users/ahmed/Downloads/FlappyBird-master/FlappyBird-master/vga640x480.v:385]
WARNING: [Synth 8-151] case item 32'b00000000000000000000000000010001 is unreachable [C:/Users/ahmed/Downloads/FlappyBird-master/FlappyBird-master/vga640x480.v:399]
WARNING: [Synth 8-151] case item 32'b00000000000000000000000000010010 is unreachable [C:/Users/ahmed/Downloads/FlappyBird-master/FlappyBird-master/vga640x480.v:414]
WARNING: [Synth 8-151] case item 32'b00000000000000000000000000010011 is unreachable [C:/Users/ahmed/Downloads/FlappyBird-master/FlappyBird-master/vga640x480.v:428]
INFO: [Synth 8-6155] done synthesizing module 'vga640x480' (4#1) [C:/Users/ahmed/Downloads/FlappyBird-master/FlappyBird-master/vga640x480.v:21]
WARNING: [Synth 8-689] width (11) of port connection 'bird_coord' does not match port width (10) of module 'vga640x480' [C:/Users/ahmed/Downloads/FlappyBird-master/FlappyBird-master/NERP_demo_top.v:177]
WARNING: [Synth 8-689] width (10) of port connection 'pipe_pos' does not match port width (9) of module 'vga640x480' [C:/Users/ahmed/Downloads/FlappyBird-master/FlappyBird-master/NERP_demo_top.v:178]
INFO: [Synth 8-6157] synthesizing module 'bird' [C:/Users/ahmed/Downloads/FlappyBird-master/FlappyBird-master/bird.v:21]
INFO: [Synth 8-6155] done synthesizing module 'bird' (5#1) [C:/Users/ahmed/Downloads/FlappyBird-master/FlappyBird-master/bird.v:21]
WARNING: [Synth 8-7071] port 'rst' of module 'bird' is unconnected for instance 'flappy' [C:/Users/ahmed/Downloads/FlappyBird-master/FlappyBird-master/NERP_demo_top.v:195]
WARNING: [Synth 8-7023] instance 'flappy' of module 'bird' has 8 connections declared, but only 7 given [C:/Users/ahmed/Downloads/FlappyBird-master/FlappyBird-master/NERP_demo_top.v:195]
INFO: [Synth 8-6157] synthesizing module 'RNG' [C:/Users/ahmed/Downloads/FlappyBird-master/FlappyBird-master/RNG.v:21]
INFO: [Synth 8-6155] done synthesizing module 'RNG' (6#1) [C:/Users/ahmed/Downloads/FlappyBird-master/FlappyBird-master/RNG.v:21]
INFO: [Synth 8-6155] done synthesizing module 'NERP_demo_top' (7#1) [C:/Users/ahmed/Downloads/FlappyBird-master/FlappyBird-master/NERP_demo_top.v:3]
INFO: [Synth 8-6155] done synthesizing module 'XADCdemo' (8#1) [C:/Users/ahmed/Downloads/Basys3-Joystick-Interfacing-main/Basys3-Joystick-Interfacing-main/test.srcs/sources_1/imports/hdl/XADCdemo.v:21]
---------------------------------------------------------------------------------
Finished RTL Elaboration : Time (s): cpu = 00:00:06 ; elapsed = 00:00:06 . Memory (MB): peak = 4181.012 ; gain = 0.250
---------------------------------------------------------------------------------
---------------------------------------------------------------------------------
Start Handling Custom Attributes
---------------------------------------------------------------------------------
---------------------------------------------------------------------------------
Finished Handling Custom Attributes : Time (s): cpu = 00:00:06 ; elapsed = 00:00:06 . Memory (MB): peak = 4204.816 ; gain = 24.055
---------------------------------------------------------------------------------
---------------------------------------------------------------------------------
Finished RTL Optimization Phase 1 : Time (s): cpu = 00:00:06 ; elapsed = 00:00:06 . Memory (MB): peak = 4204.816 ; gain = 24.055
---------------------------------------------------------------------------------
INFO: [Project 1-454] Reading design checkpoint 'c:/Users/ahmed/Downloads/Basys3-Joystick-Interfacing-main/Basys3-Joystick-Interfacing-main/test.srcs/sources_1/ip/xadc_wiz_0/xadc_wiz_0.dcp' for cell 'XLXI_7'
Netlist sorting complete. Time (s): cpu = 00:00:00 ; elapsed = 00:00:00.029 . Memory (MB): peak = 4204.816 ; gain = 0.000
INFO: [Netlist 29-17] Analyzing 1 Unisim elements for replacement
INFO: [Netlist 29-28] Unisim Transformation completed in 0 CPU seconds
INFO: [Project 1-479] Netlist was created with Vivado 2015.1
INFO: [Project 1-570] Preparing netlist for logic optimization
INFO: [Opt 31-140] Inserted 9 IBUFs to IO ports without IO buffers.
INFO: [Opt 31-141] Inserted 1 OBUFs to IO ports without IO buffers.

Processing XDC Constraints
Initializing timing engine
Parsing XDC File [c:/Users/ahmed/Downloads/Basys3-Joystick-Interfacing-main/Basys3-Joystick-Interfacing-main/test.srcs/sources_1/ip/xadc_wiz_0/xadc_wiz_0.xdc] for cell 'XLXI_7/U0'
Finished Parsing XDC File [c:/Users/ahmed/Downloads/Basys3-Joystick-Interfacing-main/Basys3-Joystick-Interfacing-main/test.srcs/sources_1/ip/xadc_wiz_0/xadc_wiz_0.xdc] for cell 'XLXI_7/U0'
Parsing XDC File [C:/Users/ahmed/Downloads/Basys3-Joystick-Interfacing-main/Basys3-Joystick-Interfacing-main/test.srcs/constrs_1/new/myconst.xdc]
Finished Parsing XDC File [C:/Users/ahmed/Downloads/Basys3-Joystick-Interfacing-main/Basys3-Joystick-Interfacing-main/test.srcs/constrs_1/new/myconst.xdc]
Completed Processing XDC Constraints

INFO: [Opt 31-138] Pushed 0 inverter(s) to 0 load pin(s).
refresh_design: Time (s): cpu = 00:00:13 ; elapsed = 00:00:13 . Memory (MB): peak = 4624.078 ; gain = 443.316
reset_run synth_1
launch_runs impl_1 -to_step write_bitstream -jobs 4
INFO: [Vivado 12-4149] The synthesis checkpoint for IP 'C:/Users/ahmed/Downloads/Basys3-Joystick-Interfacing-main/Basys3-Joystick-Interfacing-main/test.srcs/sources_1/ip/xadc_wiz_0/xadc_wiz_0.xci' is already up-to-date
[Sun Nov 26 12:12:26 2023] Launched synth_1...
Run output will be captured here: C:/Users/ahmed/Downloads/Basys3-Joystick-Interfacing-main/Basys3-Joystick-Interfacing-main/test.runs/synth_1/runme.log
[Sun Nov 26 12:12:26 2023] Launched impl_1...
Run output will be captured here: C:/Users/ahmed/Downloads/Basys3-Joystick-Interfacing-main/Basys3-Joystick-Interfacing-main/test.runs/impl_1/runme.log
INFO: [Labtoolstcl 44-466] Opening hw_target localhost:3121/xilinx_tcf/Digilent/210183AF305FA
INFO: [Labtools 27-1434] Device xc7a35t (JTAG device index = 0) is programmed with a design that has no supported debug core(s) in it.
WARNING: [Labtoolstcl 44-129] No matching hw_ila_data was found.
refresh_hw_device [lindex [get_hw_devices xc7a35t_0] 0]
INFO: [Labtools 27-1434] Device xc7a35t (JTAG device index = 0) is programmed with a design that has no supported debug core(s) in it.
set_property PROBES.FILE {} [get_hw_devices xc7a35t_0]
set_property FULL_PROBES.FILE {} [get_hw_devices xc7a35t_0]
set_property PROGRAM.FILE {C:/Users/ahmed/Downloads/Basys3-Joystick-Interfacing-main/Basys3-Joystick-Interfacing-main/test.runs/impl_1/XADCdemo.bit} [get_hw_devices xc7a35t_0]
program_hw_devices [get_hw_devices xc7a35t_0]
INFO: [Labtools 27-3164] End of startup status: HIGH
refresh_hw_device [lindex [get_hw_devices xc7a35t_0] 0]
INFO: [Labtools 27-1434] Device xc7a35t (JTAG device index = 0) is programmed with a design that has no supported debug core(s) in it.
ERROR: [Labtoolstcl 44-513] HW Target shutdown. Closing target: localhost:3121/xilinx_tcf/Digilent/210183AF305FA
reset_run synth_1
launch_runs impl_1 -to_step write_bitstream -jobs 4
INFO: [Vivado 12-4149] The synthesis checkpoint for IP 'C:/Users/ahmed/Downloads/Basys3-Joystick-Interfacing-main/Basys3-Joystick-Interfacing-main/test.srcs/sources_1/ip/xadc_wiz_0/xadc_wiz_0.xci' is already up-to-date
[Sun Nov 26 12:51:02 2023] Launched synth_1...
Run output will be captured here: C:/Users/ahmed/Downloads/Basys3-Joystick-Interfacing-main/Basys3-Joystick-Interfacing-main/test.runs/synth_1/runme.log
[Sun Nov 26 12:51:02 2023] Launched impl_1...
Run output will be captured here: C:/Users/ahmed/Downloads/Basys3-Joystick-Interfacing-main/Basys3-Joystick-Interfacing-main/test.runs/impl_1/runme.log
INFO: [Labtoolstcl 44-466] Opening hw_target localhost:3121/xilinx_tcf/Digilent/210183AF305FA
INFO: [Labtools 27-1434] Device xc7a35t (JTAG device index = 0) is programmed with a design that has no supported debug core(s) in it.
WARNING: [Labtoolstcl 44-129] No matching hw_ila_data was found.
refresh_hw_device [lindex [get_hw_devices xc7a35t_0] 0]
INFO: [Labtools 27-1434] Device xc7a35t (JTAG device index = 0) is programmed with a design that has no supported debug core(s) in it.
set_property PROBES.FILE {} [get_hw_devices xc7a35t_0]
set_property FULL_PROBES.FILE {} [get_hw_devices xc7a35t_0]
set_property PROGRAM.FILE {C:/Users/ahmed/Downloads/Basys3-Joystick-Interfacing-main/Basys3-Joystick-Interfacing-main/test.runs/impl_1/XADCdemo.bit} [get_hw_devices xc7a35t_0]
program_hw_devices [get_hw_devices xc7a35t_0]
INFO: [Labtools 27-3164] End of startup status: HIGH
refresh_hw_device [lindex [get_hw_devices xc7a35t_0] 0]
INFO: [Labtools 27-1434] Device xc7a35t (JTAG device index = 0) is programmed with a design that has no supported debug core(s) in it.
refresh_hw_device [lindex [get_hw_devices xc7a35t_0] 0]
INFO: [Labtools 27-1434] Device xc7a35t (JTAG device index = 0) is programmed with a design that has no supported debug core(s) in it.
set_property PROBES.FILE {} [get_hw_devices xc7a35t_0]
set_property FULL_PROBES.FILE {} [get_hw_devices xc7a35t_0]
set_property PROGRAM.FILE {C:/Users/ahmed/Downloads/Basys3-Joystick-Interfacing-main/Basys3-Joystick-Interfacing-main/test.runs/impl_1/XADCdemo.bit} [get_hw_devices xc7a35t_0]
program_hw_devices [get_hw_devices xc7a35t_0]
INFO: [Labtools 27-3164] End of startup status: HIGH
refresh_hw_device [lindex [get_hw_devices xc7a35t_0] 0]
INFO: [Labtools 27-1434] Device xc7a35t (JTAG device index = 0) is programmed with a design that has no supported debug core(s) in it.
ERROR: [Labtoolstcl 44-513] HW Target shutdown. Closing target: localhost:3121/xilinx_tcf/Digilent/210183AF305FA
INFO: [Labtoolstcl 44-466] Opening hw_target localhost:3121/xilinx_tcf/Digilent/210183AF305FA
INFO: [Labtools 27-1434] Device xc7a35t (JTAG device index = 0) is programmed with a design that has no supported debug core(s) in it.
WARNING: [Labtoolstcl 44-129] No matching hw_ila_data was found.
set_property PROBES.FILE {} [get_hw_devices xc7a35t_0]
set_property FULL_PROBES.FILE {} [get_hw_devices xc7a35t_0]
set_property PROGRAM.FILE {C:/Users/ahmed/Downloads/Basys3-Joystick-Interfacing-main/Basys3-Joystick-Interfacing-main/test.runs/impl_1/XADCdemo.bit} [get_hw_devices xc7a35t_0]
program_hw_devices [get_hw_devices xc7a35t_0]
INFO: [Labtools 27-3164] End of startup status: HIGH
refresh_hw_device [lindex [get_hw_devices xc7a35t_0] 0]
INFO: [Labtools 27-1434] Device xc7a35t (JTAG device index = 0) is programmed with a design that has no supported debug core(s) in it.
set_property PROBES.FILE {} [get_hw_devices xc7a35t_0]
set_property FULL_PROBES.FILE {} [get_hw_devices xc7a35t_0]
set_property PROGRAM.FILE {C:/Users/ahmed/Downloads/Basys3-Joystick-Interfacing-main/Basys3-Joystick-Interfacing-main/test.runs/impl_1/XADCdemo.bit} [get_hw_devices xc7a35t_0]
program_hw_devices [get_hw_devices xc7a35t_0]
INFO: [Labtools 27-3164] End of startup status: HIGH
refresh_hw_device [lindex [get_hw_devices xc7a35t_0] 0]
INFO: [Labtools 27-1434] Device xc7a35t (JTAG device index = 0) is programmed with a design that has no supported debug core(s) in it.
set_property PROBES.FILE {} [get_hw_devices xc7a35t_0]
set_property FULL_PROBES.FILE {} [get_hw_devices xc7a35t_0]
set_property PROGRAM.FILE {C:/Users/ahmed/Downloads/Basys3-Joystick-Interfacing-main/Basys3-Joystick-Interfacing-main/test.runs/impl_1/XADCdemo.bit} [get_hw_devices xc7a35t_0]
program_hw_devices [get_hw_devices xc7a35t_0]
INFO: [Labtools 27-3164] End of startup status: HIGH
refresh_hw_device [lindex [get_hw_devices xc7a35t_0] 0]
INFO: [Labtools 27-1434] Device xc7a35t (JTAG device index = 0) is programmed with a design that has no supported debug core(s) in it.
set_property PROBES.FILE {} [get_hw_devices xc7a35t_0]
set_property FULL_PROBES.FILE {} [get_hw_devices xc7a35t_0]
set_property PROGRAM.FILE {C:/Users/ahmed/Downloads/Basys3-Joystick-Interfacing-main/Basys3-Joystick-Interfacing-main/test.runs/impl_1/XADCdemo.bit} [get_hw_devices xc7a35t_0]
program_hw_devices [get_hw_devices xc7a35t_0]
INFO: [Labtools 27-3164] End of startup status: HIGH
refresh_hw_device [lindex [get_hw_devices xc7a35t_0] 0]
INFO: [Labtools 27-1434] Device xc7a35t (JTAG device index = 0) is programmed with a design that has no supported debug core(s) in it.
set_property PROBES.FILE {} [get_hw_devices xc7a35t_0]
set_property FULL_PROBES.FILE {} [get_hw_devices xc7a35t_0]
set_property PROGRAM.FILE {C:/Users/ahmed/Downloads/Basys3-Joystick-Interfacing-main/Basys3-Joystick-Interfacing-main/test.runs/impl_1/XADCdemo.bit} [get_hw_devices xc7a35t_0]
program_hw_devices [get_hw_devices xc7a35t_0]
INFO: [Labtools 27-3164] End of startup status: HIGH
refresh_hw_device [lindex [get_hw_devices xc7a35t_0] 0]
INFO: [Labtools 27-1434] Device xc7a35t (JTAG device index = 0) is programmed with a design that has no supported debug core(s) in it.
set_property PROBES.FILE {} [get_hw_devices xc7a35t_0]
set_property FULL_PROBES.FILE {} [get_hw_devices xc7a35t_0]
set_property PROGRAM.FILE {C:/Users/ahmed/Downloads/Basys3-Joystick-Interfacing-main/Basys3-Joystick-Interfacing-main/test.runs/impl_1/XADCdemo.bit} [get_hw_devices xc7a35t_0]
program_hw_devices [get_hw_devices xc7a35t_0]
INFO: [Labtools 27-3164] End of startup status: HIGH
refresh_hw_device [lindex [get_hw_devices xc7a35t_0] 0]
INFO: [Labtools 27-1434] Device xc7a35t (JTAG device index = 0) is programmed with a design that has no supported debug core(s) in it.
set_property PROBES.FILE {} [get_hw_devices xc7a35t_0]
set_property FULL_PROBES.FILE {} [get_hw_devices xc7a35t_0]
set_property PROGRAM.FILE {C:/Users/ahmed/Downloads/Basys3-Joystick-Interfacing-main/Basys3-Joystick-Interfacing-main/test.runs/impl_1/XADCdemo.bit} [get_hw_devices xc7a35t_0]
program_hw_devices [get_hw_devices xc7a35t_0]
INFO: [Labtools 27-3164] End of startup status: HIGH
refresh_hw_device [lindex [get_hw_devices xc7a35t_0] 0]
INFO: [Labtools 27-1434] Device xc7a35t (JTAG device index = 0) is programmed with a design that has no supported debug core(s) in it.
set_property PROBES.FILE {} [get_hw_devices xc7a35t_0]
set_property FULL_PROBES.FILE {} [get_hw_devices xc7a35t_0]
set_property PROGRAM.FILE {C:/Users/ahmed/Downloads/Basys3-Joystick-Interfacing-main/Basys3-Joystick-Interfacing-main/test.runs/impl_1/XADCdemo.bit} [get_hw_devices xc7a35t_0]
program_hw_devices [get_hw_devices xc7a35t_0]
INFO: [Labtools 27-3164] End of startup status: HIGH
refresh_hw_device [lindex [get_hw_devices xc7a35t_0] 0]
INFO: [Labtools 27-1434] Device xc7a35t (JTAG device index = 0) is programmed with a design that has no supported debug core(s) in it.
set_property PROBES.FILE {} [get_hw_devices xc7a35t_0]
set_property FULL_PROBES.FILE {} [get_hw_devices xc7a35t_0]
set_property PROGRAM.FILE {C:/Users/ahmed/Downloads/Basys3-Joystick-Interfacing-main/Basys3-Joystick-Interfacing-main/test.runs/impl_1/XADCdemo.bit} [get_hw_devices xc7a35t_0]
program_hw_devices [get_hw_devices xc7a35t_0]
INFO: [Labtools 27-3164] End of startup status: HIGH
refresh_hw_device [lindex [get_hw_devices xc7a35t_0] 0]
INFO: [Labtools 27-1434] Device xc7a35t (JTAG device index = 0) is programmed with a design that has no supported debug core(s) in it.
ERROR: [Labtoolstcl 44-513] HW Target shutdown. Closing target: localhost:3121/xilinx_tcf/Digilent/210183AF305FA
exit
INFO: [Common 17-206] Exiting Vivado at Sun Nov 26 13:03:50 2023...
